{"C:\\Users\\theoh\\project\\print_tracker\\backend\\middleware\\auth.ts": {"path":"C:\\Users\\theoh\\project\\print_tracker\\backend\\middleware\\auth.ts","statementMap":{"0":{"start":{"line":8,"column":0},"end":{"line":8,"column":25}},"1":{"start":{"line":2,"column":0},"end":{"line":2,"column":31}},"2":{"start":{"line":9,"column":16},"end":{"line":9,"column":67}},"3":{"start":{"line":10,"column":2},"end":{"line":13,"column":3}},"4":{"start":{"line":11,"column":4},"end":{"line":11,"column":53}},"5":{"start":{"line":12,"column":4},"end":{"line":12,"column":11}},"6":{"start":{"line":15,"column":2},"end":{"line":21,"column":3}},"7":{"start":{"line":16,"column":21},"end":{"line":16,"column":72}},"8":{"start":{"line":17,"column":4},"end":{"line":17,"column":24}},"9":{"start":{"line":18,"column":4},"end":{"line":18,"column":11}},"10":{"start":{"line":20,"column":4},"end":{"line":20,"column":53}}},"fnMap":{"0":{"name":"default_1","decl":{"start":{"line":8,"column":0},"end":{"line":8,"column":25}},"loc":{"start":{"line":8,"column":76},"end":{"line":22,"column":1}}}},"branchMap":{"0":{"loc":{"start":{"line":9,"column":16},"end":{"line":9,"column":67}},"type":"cond-expr","locations":[{"start":{"line":9,"column":43},"end":{"line":9,"column":45}},{"start":{"line":9,"column":43},"end":{"line":9,"column":67}}]},"1":{"loc":{"start":{"line":9,"column":16},"end":{"line":9,"column":45}},"type":"binary-expr","locations":[{"start":{"line":9,"column":16},"end":{"line":9,"column":45}},{"start":{"line":9,"column":43},"end":{"line":9,"column":45}}]},"2":{"loc":{"start":{"line":10,"column":2},"end":{"line":13,"column":3}},"type":"if","locations":[{"start":{"line":10,"column":2},"end":{"line":13,"column":3}},{"start":{},"end":{}}]}},"s":{"0":1,"1":1,"2":3,"3":3,"4":1,"5":1,"6":2,"7":2,"8":1,"9":1,"10":1},"f":{"0":3},"b":{"0":[1,2],"1":[3,2],"2":[1,2]}}
,"C:\\Users\\theoh\\project\\print_tracker\\backend\\middleware\\validate.ts": {"path":"C:\\Users\\theoh\\project\\print_tracker\\backend\\middleware\\validate.ts","statementMap":{"0":{"start":{"line":5,"column":2},"end":{"line":12,"column":3}},"1":{"start":{"line":5,"column":25},"end":{"line":12,"column":3}},"2":{"start":{"line":6,"column":4},"end":{"line":11,"column":5}},"3":{"start":{"line":7,"column":6},"end":{"line":7,"column":29}},"4":{"start":{"line":8,"column":6},"end":{"line":8,"column":13}},"5":{"start":{"line":10,"column":6},"end":{"line":10,"column":16}},"6":{"start":{"line":14,"column":0},"end":{"line":14,"column":24}}},"fnMap":{"0":{"name":"(anonymous_0)","decl":{"start":{"line":5,"column":2},"end":{"line":5,"column":3}},"loc":{"start":{"line":5,"column":25},"end":{"line":12,"column":3}}},"1":{"name":"(anonymous_1)","decl":{"start":{"line":5,"column":25},"end":{"line":5,"column":26}},"loc":{"start":{"line":5,"column":77},"end":{"line":12,"column":3}}}},"branchMap":{},"s":{"0":3,"1":9,"2":9,"3":9,"4":9,"5":0,"6":3},"f":{"0":9,"1":9},"b":{}}
,"C:\\Users\\theoh\\project\\print_tracker\\backend\\routes\\analytics.ts": {"path":"C:\\Users\\theoh\\project\\print_tracker\\backend\\routes\\analytics.ts","statementMap":{"0":{"start":{"line":1,"column":0},"end":{"line":1,"column":53}},"1":{"start":{"line":2,"column":0},"end":{"line":2,"column":37}},"2":{"start":{"line":4,"column":15},"end":{"line":4,"column":31}},"3":{"start":{"line":6,"column":0},"end":{"line":24,"column":3}},"4":{"start":{"line":6,"column":68},"end":{"line":24,"column":2}},"5":{"start":{"line":7,"column":2},"end":{"line":23,"column":3}},"6":{"start":{"line":8,"column":17},"end":{"line":14,"column":6}},"7":{"start":{"line":15,"column":20},"end":{"line":18,"column":7}},"8":{"start":{"line":15,"column":49},"end":{"line":18,"column":6}},"9":{"start":{"line":19,"column":4},"end":{"line":19,"column":21}},"10":{"start":{"line":21,"column":4},"end":{"line":21,"column":59}},"11":{"start":{"line":22,"column":4},"end":{"line":22,"column":54}},"12":{"start":{"line":26,"column":0},"end":{"line":43,"column":3}},"13":{"start":{"line":26,"column":68},"end":{"line":43,"column":2}},"14":{"start":{"line":27,"column":2},"end":{"line":42,"column":3}},"15":{"start":{"line":28,"column":17},"end":{"line":33,"column":6}},"16":{"start":{"line":34,"column":20},"end":{"line":37,"column":7}},"17":{"start":{"line":34,"column":49},"end":{"line":37,"column":6}},"18":{"start":{"line":38,"column":4},"end":{"line":38,"column":21}},"19":{"start":{"line":40,"column":4},"end":{"line":40,"column":59}},"20":{"start":{"line":41,"column":4},"end":{"line":41,"column":54}},"21":{"start":{"line":46,"column":0},"end":{"line":75,"column":3}},"22":{"start":{"line":46,"column":73},"end":{"line":75,"column":2}},"23":{"start":{"line":47,"column":2},"end":{"line":74,"column":3}},"24":{"start":{"line":48,"column":17},"end":{"line":60,"column":6}},"25":{"start":{"line":61,"column":20},"end":{"line":69,"column":7}},"26":{"start":{"line":61,"column":49},"end":{"line":69,"column":6}},"27":{"start":{"line":70,"column":4},"end":{"line":70,"column":21}},"28":{"start":{"line":72,"column":4},"end":{"line":72,"column":64}},"29":{"start":{"line":73,"column":4},"end":{"line":73,"column":54}},"30":{"start":{"line":78,"column":0},"end":{"line":101,"column":3}},"31":{"start":{"line":78,"column":66},"end":{"line":101,"column":2}},"32":{"start":{"line":79,"column":2},"end":{"line":100,"column":3}},"33":{"start":{"line":80,"column":17},"end":{"line":89,"column":6}},"34":{"start":{"line":90,"column":20},"end":{"line":95,"column":7}},"35":{"start":{"line":90,"column":49},"end":{"line":95,"column":6}},"36":{"start":{"line":96,"column":4},"end":{"line":96,"column":21}},"37":{"start":{"line":98,"column":4},"end":{"line":98,"column":57}},"38":{"start":{"line":99,"column":4},"end":{"line":99,"column":54}},"39":{"start":{"line":103,"column":0},"end":{"line":103,"column":22}}},"fnMap":{"0":{"name":"(anonymous_8)","decl":{"start":{"line":6,"column":30},"end":{"line":6,"column":37}},"loc":{"start":{"line":6,"column":68},"end":{"line":24,"column":2}}},"1":{"name":"(anonymous_9)","decl":{"start":{"line":6,"column":68},"end":{"line":6,"column":null}},"loc":{"start":{"line":6,"column":68},"end":{"line":24,"column":1}}},"2":{"name":"(anonymous_10)","decl":{"start":{"line":15,"column":39},"end":{"line":15,"column":40}},"loc":{"start":{"line":15,"column":49},"end":{"line":18,"column":6}}},"3":{"name":"(anonymous_11)","decl":{"start":{"line":26,"column":30},"end":{"line":26,"column":37}},"loc":{"start":{"line":26,"column":68},"end":{"line":43,"column":2}}},"4":{"name":"(anonymous_12)","decl":{"start":{"line":26,"column":68},"end":{"line":26,"column":null}},"loc":{"start":{"line":26,"column":68},"end":{"line":43,"column":1}}},"5":{"name":"(anonymous_13)","decl":{"start":{"line":34,"column":39},"end":{"line":34,"column":40}},"loc":{"start":{"line":34,"column":49},"end":{"line":37,"column":6}}},"6":{"name":"(anonymous_14)","decl":{"start":{"line":46,"column":35},"end":{"line":46,"column":42}},"loc":{"start":{"line":46,"column":73},"end":{"line":75,"column":2}}},"7":{"name":"(anonymous_15)","decl":{"start":{"line":46,"column":73},"end":{"line":46,"column":null}},"loc":{"start":{"line":46,"column":73},"end":{"line":75,"column":1}}},"8":{"name":"(anonymous_16)","decl":{"start":{"line":61,"column":39},"end":{"line":61,"column":40}},"loc":{"start":{"line":61,"column":49},"end":{"line":69,"column":6}}},"9":{"name":"(anonymous_17)","decl":{"start":{"line":78,"column":28},"end":{"line":78,"column":35}},"loc":{"start":{"line":78,"column":66},"end":{"line":101,"column":2}}},"10":{"name":"(anonymous_18)","decl":{"start":{"line":78,"column":66},"end":{"line":78,"column":null}},"loc":{"start":{"line":78,"column":66},"end":{"line":101,"column":1}}},"11":{"name":"(anonymous_19)","decl":{"start":{"line":90,"column":39},"end":{"line":90,"column":40}},"loc":{"start":{"line":90,"column":49},"end":{"line":95,"column":6}}}},"branchMap":{"0":{"loc":{"start":{"line":64,"column":30},"end":{"line":64,"column":54}},"type":"binary-expr","locations":[{"start":{"line":64,"column":30},"end":{"line":64,"column":49}},{"start":{"line":64,"column":53},"end":{"line":64,"column":54}}]}},"s":{"0":1,"1":1,"2":1,"3":1,"4":1,"5":1,"6":1,"7":1,"8":1,"9":1,"10":0,"11":0,"12":1,"13":0,"14":0,"15":0,"16":0,"17":0,"18":0,"19":0,"20":0,"21":1,"22":0,"23":0,"24":0,"25":0,"26":0,"27":0,"28":0,"29":0,"30":1,"31":0,"32":0,"33":0,"34":0,"35":0,"36":0,"37":0,"38":0,"39":1},"f":{"0":1,"1":1,"2":1,"3":0,"4":0,"5":0,"6":0,"7":0,"8":0,"9":0,"10":0,"11":0},"b":{"0":[0,0]}}
,"C:\\Users\\theoh\\project\\print_tracker\\backend\\routes\\auth.ts": {"path":"C:\\Users\\theoh\\project\\print_tracker\\backend\\routes\\auth.ts","statementMap":{"0":{"start":{"line":1,"column":0},"end":{"line":1,"column":53}},"1":{"start":{"line":2,"column":0},"end":{"line":2,"column":30}},"2":{"start":{"line":3,"column":0},"end":{"line":3,"column":31}},"3":{"start":{"line":4,"column":0},"end":{"line":4,"column":37}},"4":{"start":{"line":5,"column":0},"end":{"line":5,"column":46}},"5":{"start":{"line":6,"column":0},"end":{"line":6,"column":24}},"6":{"start":{"line":8,"column":15},"end":{"line":8,"column":31}},"7":{"start":{"line":10,"column":23},"end":{"line":14,"column":2}},"8":{"start":{"line":16,"column":20},"end":{"line":19,"column":2}},"9":{"start":{"line":21,"column":0},"end":{"line":64,"column":2}},"10":{"start":{"line":24,"column":40},"end":{"line":63,"column":null}},"11":{"start":{"line":25,"column":42},"end":{"line":25,"column":50}},"12":{"start":{"line":28,"column":21},"end":{"line":30,"column":6}},"13":{"start":{"line":32,"column":4},"end":{"line":35,"column":5}},"14":{"start":{"line":33,"column":6},"end":{"line":33,"column":61}},"15":{"start":{"line":34,"column":6},"end":{"line":34,"column":13}},"16":{"start":{"line":38,"column":17},"end":{"line":38,"column":41}},"17":{"start":{"line":39,"column":27},"end":{"line":39,"column":60}},"18":{"start":{"line":42,"column":20},"end":{"line":53,"column":6}},"19":{"start":{"line":55,"column":18},"end":{"line":60,"column":null}},"20":{"start":{"line":62,"column":4},"end":{"line":62,"column":65}},"21":{"start":{"line":66,"column":0},"end":{"line":104,"column":2}},"22":{"start":{"line":69,"column":40},"end":{"line":103,"column":null}},"23":{"start":{"line":70,"column":32},"end":{"line":70,"column":40}},"24":{"start":{"line":73,"column":17},"end":{"line":75,"column":6}},"25":{"start":{"line":77,"column":4},"end":{"line":80,"column":5}},"26":{"start":{"line":78,"column":6},"end":{"line":78,"column":61}},"27":{"start":{"line":79,"column":6},"end":{"line":79,"column":13}},"28":{"start":{"line":83,"column":26},"end":{"line":83,"column":75}},"29":{"start":{"line":84,"column":4},"end":{"line":87,"column":5}},"30":{"start":{"line":85,"column":6},"end":{"line":85,"column":61}},"31":{"start":{"line":86,"column":6},"end":{"line":86,"column":13}},"32":{"start":{"line":90,"column":18},"end":{"line":95,"column":null}},"33":{"start":{"line":97,"column":4},"end":{"line":102,"column":7}},"34":{"start":{"line":106,"column":0},"end":{"line":106,"column":22}}},"fnMap":{"0":{"name":"(anonymous_8)","decl":{"start":{"line":24,"column":2},"end":{"line":24,"column":9}},"loc":{"start":{"line":24,"column":40},"end":{"line":63,"column":null}}},"1":{"name":"(anonymous_9)","decl":{"start":{"line":24,"column":40},"end":{"line":24,"column":null}},"loc":{"start":{"line":24,"column":40},"end":{"line":63,"column":3}}},"2":{"name":"(anonymous_10)","decl":{"start":{"line":69,"column":2},"end":{"line":69,"column":9}},"loc":{"start":{"line":69,"column":40},"end":{"line":103,"column":null}}},"3":{"name":"(anonymous_11)","decl":{"start":{"line":69,"column":40},"end":{"line":69,"column":null}},"loc":{"start":{"line":69,"column":40},"end":{"line":103,"column":3}}}},"branchMap":{"0":{"loc":{"start":{"line":32,"column":4},"end":{"line":35,"column":5}},"type":"if","locations":[{"start":{"line":32,"column":4},"end":{"line":35,"column":5}},{"start":{},"end":{}}]},"1":{"loc":{"start":{"line":77,"column":4},"end":{"line":80,"column":5}},"type":"if","locations":[{"start":{"line":77,"column":4},"end":{"line":80,"column":5}},{"start":{},"end":{}}]},"2":{"loc":{"start":{"line":84,"column":4},"end":{"line":87,"column":5}},"type":"if","locations":[{"start":{"line":84,"column":4},"end":{"line":87,"column":5}},{"start":{},"end":{}}]}},"s":{"0":1,"1":1,"2":1,"3":1,"4":1,"5":1,"6":1,"7":1,"8":1,"9":1,"10":1,"11":1,"12":1,"13":1,"14":0,"15":0,"16":1,"17":1,"18":1,"19":1,"20":1,"21":1,"22":2,"23":2,"24":2,"25":2,"26":0,"27":0,"28":2,"29":2,"30":1,"31":1,"32":1,"33":1,"34":1},"f":{"0":1,"1":1,"2":2,"3":2},"b":{"0":[0,1],"1":[0,2],"2":[1,1]}}
,"C:\\Users\\theoh\\project\\print_tracker\\backend\\routes\\clients.ts": {"path":"C:\\Users\\theoh\\project\\print_tracker\\backend\\routes\\clients.ts","statementMap":{"0":{"start":{"line":1,"column":0},"end":{"line":1,"column":30}},"1":{"start":{"line":2,"column":0},"end":{"line":2,"column":37}},"2":{"start":{"line":4,"column":15},"end":{"line":4,"column":31}},"3":{"start":{"line":7,"column":0},"end":{"line":12,"column":3}},"4":{"start":{"line":7,"column":35},"end":{"line":12,"column":2}},"5":{"start":{"line":8,"column":18},"end":{"line":10,"column":4}},"6":{"start":{"line":11,"column":2},"end":{"line":11,"column":20}},"7":{"start":{"line":15,"column":0},"end":{"line":24,"column":3}},"8":{"start":{"line":15,"column":38},"end":{"line":24,"column":2}},"9":{"start":{"line":16,"column":17},"end":{"line":16,"column":27}},"10":{"start":{"line":17,"column":17},"end":{"line":19,"column":4}},"11":{"start":{"line":20,"column":2},"end":{"line":22,"column":3}},"12":{"start":{"line":21,"column":4},"end":{"line":21,"column":63}},"13":{"start":{"line":23,"column":2},"end":{"line":23,"column":19}},"14":{"start":{"line":27,"column":0},"end":{"line":43,"column":3}},"15":{"start":{"line":27,"column":36},"end":{"line":43,"column":2}},"16":{"start":{"line":28,"column":55},"end":{"line":28,"column":63}},"17":{"start":{"line":29,"column":2},"end":{"line":31,"column":3}},"18":{"start":{"line":30,"column":4},"end":{"line":30,"column":63}},"19":{"start":{"line":33,"column":17},"end":{"line":41,"column":4}},"20":{"start":{"line":42,"column":2},"end":{"line":42,"column":31}},"21":{"start":{"line":46,"column":0},"end":{"line":65,"column":3}},"22":{"start":{"line":46,"column":38},"end":{"line":65,"column":2}},"23":{"start":{"line":47,"column":17},"end":{"line":47,"column":27}},"24":{"start":{"line":48,"column":55},"end":{"line":48,"column":63}},"25":{"start":{"line":50,"column":2},"end":{"line":64,"column":3}},"26":{"start":{"line":51,"column":19},"end":{"line":60,"column":6}},"27":{"start":{"line":61,"column":4},"end":{"line":61,"column":21}},"28":{"start":{"line":63,"column":4},"end":{"line":63,"column":56}},"29":{"start":{"line":68,"column":0},"end":{"line":78,"column":3}},"30":{"start":{"line":68,"column":41},"end":{"line":78,"column":2}},"31":{"start":{"line":69,"column":17},"end":{"line":69,"column":27}},"32":{"start":{"line":70,"column":2},"end":{"line":77,"column":3}},"33":{"start":{"line":71,"column":4},"end":{"line":73,"column":7}},"34":{"start":{"line":74,"column":4},"end":{"line":74,"column":44}},"35":{"start":{"line":76,"column":4},"end":{"line":76,"column":56}},"36":{"start":{"line":80,"column":0},"end":{"line":80,"column":22}}},"fnMap":{"0":{"name":"(anonymous_8)","decl":{"start":{"line":7,"column":16},"end":{"line":7,"column":23}},"loc":{"start":{"line":7,"column":35},"end":{"line":12,"column":2}}},"1":{"name":"(anonymous_9)","decl":{"start":{"line":7,"column":35},"end":{"line":7,"column":null}},"loc":{"start":{"line":7,"column":35},"end":{"line":12,"column":1}}},"2":{"name":"(anonymous_10)","decl":{"start":{"line":15,"column":19},"end":{"line":15,"column":26}},"loc":{"start":{"line":15,"column":38},"end":{"line":24,"column":2}}},"3":{"name":"(anonymous_11)","decl":{"start":{"line":15,"column":38},"end":{"line":15,"column":null}},"loc":{"start":{"line":15,"column":38},"end":{"line":24,"column":1}}},"4":{"name":"(anonymous_12)","decl":{"start":{"line":27,"column":17},"end":{"line":27,"column":24}},"loc":{"start":{"line":27,"column":36},"end":{"line":43,"column":2}}},"5":{"name":"(anonymous_13)","decl":{"start":{"line":27,"column":36},"end":{"line":27,"column":null}},"loc":{"start":{"line":27,"column":36},"end":{"line":43,"column":1}}},"6":{"name":"(anonymous_14)","decl":{"start":{"line":46,"column":19},"end":{"line":46,"column":26}},"loc":{"start":{"line":46,"column":38},"end":{"line":65,"column":2}}},"7":{"name":"(anonymous_15)","decl":{"start":{"line":46,"column":38},"end":{"line":46,"column":null}},"loc":{"start":{"line":46,"column":38},"end":{"line":65,"column":1}}},"8":{"name":"(anonymous_16)","decl":{"start":{"line":68,"column":22},"end":{"line":68,"column":29}},"loc":{"start":{"line":68,"column":41},"end":{"line":78,"column":2}}},"9":{"name":"(anonymous_17)","decl":{"start":{"line":68,"column":41},"end":{"line":68,"column":null}},"loc":{"start":{"line":68,"column":41},"end":{"line":78,"column":1}}}},"branchMap":{"0":{"loc":{"start":{"line":20,"column":2},"end":{"line":22,"column":3}},"type":"if","locations":[{"start":{"line":20,"column":2},"end":{"line":22,"column":3}},{"start":{},"end":{}}]},"1":{"loc":{"start":{"line":29,"column":2},"end":{"line":31,"column":3}},"type":"if","locations":[{"start":{"line":29,"column":2},"end":{"line":31,"column":3}},{"start":{},"end":{}}]}},"s":{"0":1,"1":1,"2":1,"3":1,"4":1,"5":1,"6":1,"7":1,"8":1,"9":1,"10":1,"11":1,"12":0,"13":1,"14":1,"15":1,"16":1,"17":1,"18":0,"19":1,"20":1,"21":1,"22":1,"23":1,"24":1,"25":1,"26":1,"27":1,"28":0,"29":1,"30":1,"31":1,"32":1,"33":1,"34":1,"35":0,"36":1},"f":{"0":1,"1":1,"2":1,"3":1,"4":1,"5":1,"6":1,"7":1,"8":1,"9":1},"b":{"0":[0,1],"1":[0,1]}}
,"C:\\Users\\theoh\\project\\print_tracker\\backend\\routes\\jobs.ts": {"path":"C:\\Users\\theoh\\project\\print_tracker\\backend\\routes\\jobs.ts","statementMap":{"0":{"start":{"line":1,"column":0},"end":{"line":1,"column":53}},"1":{"start":{"line":2,"column":0},"end":{"line":2,"column":37}},"2":{"start":{"line":3,"column":0},"end":{"line":3,"column":46}},"3":{"start":{"line":4,"column":0},"end":{"line":4,"column":38}},"4":{"start":{"line":5,"column":0},"end":{"line":5,"column":73}},"5":{"start":{"line":6,"column":0},"end":{"line":6,"column":28}},"6":{"start":{"line":7,"column":0},"end":{"line":7,"column":24}},"7":{"start":{"line":8,"column":0},"end":{"line":8,"column":20}},"8":{"start":{"line":10,"column":15},"end":{"line":10,"column":31}},"9":{"start":{"line":13,"column":17},"end":{"line":13,"column":57}},"10":{"start":{"line":14,"column":0},"end":{"line":14,"column":74}},"11":{"start":{"line":14,"column":30},"end":{"line":14,"column":74}},"12":{"start":{"line":16,"column":21},"end":{"line":23,"column":2}},"13":{"start":{"line":17,"column":34},"end":{"line":17,"column":52}},"14":{"start":{"line":20,"column":6},"end":{"line":20,"column":75}},"15":{"start":{"line":21,"column":4},"end":{"line":21,"column":19}},"16":{"start":{"line":25,"column":20},"end":{"line":33,"column":2}},"17":{"start":{"line":29,"column":4},"end":{"line":30,"column":55}},"18":{"start":{"line":30,"column":6},"end":{"line":30,"column":55}},"19":{"start":{"line":31,"column":4},"end":{"line":31,"column":19}},"20":{"start":{"line":36,"column":0},"end":{"line":76,"column":3}},"21":{"start":{"line":36,"column":54},"end":{"line":76,"column":2}},"22":{"start":{"line":37,"column":15},"end":{"line":51,"column":4}},"23":{"start":{"line":53,"column":20},"end":{"line":73,"column":5}},"24":{"start":{"line":53,"column":43},"end":{"line":73,"column":5}},"25":{"start":{"line":59,"column":52},"end":{"line":66,"column":7}},"26":{"start":{"line":75,"column":2},"end":{"line":75,"column":22}},"27":{"start":{"line":79,"column":0},"end":{"line":92,"column":3}},"28":{"start":{"line":79,"column":63},"end":{"line":92,"column":2}},"29":{"start":{"line":80,"column":15},"end":{"line":90,"column":4}},"30":{"start":{"line":91,"column":2},"end":{"line":91,"column":17}},"31":{"start":{"line":95,"column":0},"end":{"line":187,"column":2}},"32":{"start":{"line":99,"column":40},"end":{"line":186,"column":null}},"33":{"start":{"line":111,"column":8},"end":{"line":111,"column":16}},"34":{"start":{"line":114,"column":16},"end":{"line":127,"column":6}},"35":{"start":{"line":130,"column":29},"end":{"line":130,"column":30}},"36":{"start":{"line":131,"column":4},"end":{"line":163,"column":5}},"37":{"start":{"line":132,"column":29},"end":{"line":135,"column":8}},"38":{"start":{"line":137,"column":6},"end":{"line":152,"column":7}},"39":{"start":{"line":138,"column":27},"end":{"line":138,"column":56}},"40":{"start":{"line":141,"column":8},"end":{"line":148,"column":11}},"41":{"start":{"line":155,"column":6},"end":{"line":160,"column":7}},"42":{"start":{"line":156,"column":8},"end":{"line":159,"column":11}},"43":{"start":{"line":162,"column":6},"end":{"line":162,"column":63}},"44":{"start":{"line":166,"column":4},"end":{"line":183,"column":5}},"45":{"start":{"line":167,"column":6},"end":{"line":182,"column":7}},"46":{"start":{"line":168,"column":24},"end":{"line":170,"column":10}},"47":{"start":{"line":171,"column":8},"end":{"line":179,"column":9}},"48":{"start":{"line":172,"column":34},"end":{"line":172,"column":57}},"49":{"start":{"line":174,"column":12},"end":{"line":174,"column":66}},"50":{"start":{"line":175,"column":10},"end":{"line":178,"column":13}},"51":{"start":{"line":181,"column":8},"end":{"line":181,"column":58}},"52":{"start":{"line":185,"column":4},"end":{"line":185,"column":57}},"53":{"start":{"line":190,"column":0},"end":{"line":231,"column":2}},"54":{"start":{"line":194,"column":40},"end":{"line":230,"column":null}},"55":{"start":{"line":195,"column":15},"end":{"line":195,"column":48}},"56":{"start":{"line":208,"column":8},"end":{"line":208,"column":16}},"57":{"start":{"line":210,"column":22},"end":{"line":210,"column":24}},"58":{"start":{"line":211,"column":4},"end":{"line":211,"column":54}},"59":{"start":{"line":211,"column":31},"end":{"line":211,"column":54}},"60":{"start":{"line":212,"column":4},"end":{"line":212,"column":51}},"61":{"start":{"line":212,"column":30},"end":{"line":212,"column":51}},"62":{"start":{"line":213,"column":4},"end":{"line":213,"column":54}},"63":{"start":{"line":213,"column":31},"end":{"line":213,"column":54}},"64":{"start":{"line":214,"column":4},"end":{"line":214,"column":70}},"65":{"start":{"line":214,"column":33},"end":{"line":214,"column":70}},"66":{"start":{"line":215,"column":4},"end":{"line":215,"column":51}},"67":{"start":{"line":215,"column":30},"end":{"line":215,"column":51}},"68":{"start":{"line":216,"column":4},"end":{"line":216,"column":60}},"69":{"start":{"line":216,"column":33},"end":{"line":216,"column":60}},"70":{"start":{"line":217,"column":4},"end":{"line":217,"column":48}},"71":{"start":{"line":217,"column":29},"end":{"line":217,"column":48}},"72":{"start":{"line":218,"column":4},"end":{"line":218,"column":57}},"73":{"start":{"line":218,"column":32},"end":{"line":218,"column":57}},"74":{"start":{"line":219,"column":4},"end":{"line":220,"column":74}},"75":{"start":{"line":220,"column":6},"end":{"line":220,"column":74}},"76":{"start":{"line":221,"column":4},"end":{"line":222,"column":51}},"77":{"start":{"line":222,"column":6},"end":{"line":222,"column":51}},"78":{"start":{"line":223,"column":4},"end":{"line":223,"column":63}},"79":{"start":{"line":223,"column":34},"end":{"line":223,"column":63}},"80":{"start":{"line":225,"column":4},"end":{"line":228,"column":7}},"81":{"start":{"line":229,"column":4},"end":{"line":229,"column":41}},"82":{"start":{"line":234,"column":0},"end":{"line":330,"column":3}},"83":{"start":{"line":234,"column":73},"end":{"line":330,"column":2}},"84":{"start":{"line":235,"column":16},"end":{"line":235,"column":49}},"85":{"start":{"line":236,"column":24},"end":{"line":236,"column":32}},"86":{"start":{"line":239,"column":14},"end":{"line":242,"column":4}},"87":{"start":{"line":244,"column":2},"end":{"line":247,"column":3}},"88":{"start":{"line":245,"column":4},"end":{"line":245,"column":53}},"89":{"start":{"line":246,"column":4},"end":{"line":246,"column":11}},"90":{"start":{"line":249,"column":2},"end":{"line":252,"column":3}},"91":{"start":{"line":250,"column":4},"end":{"line":250,"column":66}},"92":{"start":{"line":251,"column":4},"end":{"line":251,"column":11}},"93":{"start":{"line":254,"column":2},"end":{"line":329,"column":3}},"94":{"start":{"line":255,"column":4},"end":{"line":317,"column":5}},"95":{"start":{"line":256,"column":73},"end":{"line":256,"column":76}},"96":{"start":{"line":259,"column":6},"end":{"line":271,"column":9}},"97":{"start":{"line":274,"column":6},"end":{"line":316,"column":7}},"98":{"start":{"line":276,"column":29},"end":{"line":278,"column":10}},"99":{"start":{"line":280,"column":8},"end":{"line":315,"column":9}},"100":{"start":{"line":282,"column":26},"end":{"line":293,"column":12}},"101":{"start":{"line":296,"column":31},"end":{"line":296,"column":59}},"102":{"start":{"line":297,"column":10},"end":{"line":314,"column":11}},"103":{"start":{"line":298,"column":12},"end":{"line":298,"column":43}},"104":{"start":{"line":298,"column":37},"end":{"line":298,"column":43}},"105":{"start":{"line":299,"column":12},"end":{"line":299,"column":65}},"106":{"start":{"line":299,"column":56},"end":{"line":299,"column":65}},"107":{"start":{"line":301,"column":31},"end":{"line":302,"column":null}},"108":{"start":{"line":304,"column":30},"end":{"line":304,"column":66}},"109":{"start":{"line":306,"column":12},"end":{"line":311,"column":15}},"110":{"start":{"line":313,"column":12},"end":{"line":313,"column":40}},"111":{"start":{"line":320,"column":4},"end":{"line":323,"column":7}},"112":{"start":{"line":325,"column":4},"end":{"line":325,"column":66}},"113":{"start":{"line":327,"column":4},"end":{"line":327,"column":51}},"114":{"start":{"line":328,"column":4},"end":{"line":328,"column":62}},"115":{"start":{"line":333,"column":0},"end":{"line":427,"column":3}},"116":{"start":{"line":333,"column":74},"end":{"line":427,"column":2}},"117":{"start":{"line":334,"column":2},"end":{"line":426,"column":3}},"118":{"start":{"line":335,"column":23},"end":{"line":353,"column":6}},"119":{"start":{"line":359,"column":8},"end":{"line":359,"column":10}},"120":{"start":{"line":361,"column":4},"end":{"line":383,"column":5}},"121":{"start":{"line":362,"column":6},"end":{"line":382,"column":7}},"122":{"start":{"line":363,"column":8},"end":{"line":369,"column":9}},"123":{"start":{"line":364,"column":10},"end":{"line":368,"column":12}},"124":{"start":{"line":370,"column":8},"end":{"line":372,"column":10}},"125":{"start":{"line":373,"column":8},"end":{"line":381,"column":11}},"126":{"start":{"line":386,"column":20},"end":{"line":389,"column":6}},"127":{"start":{"line":392,"column":46},"end":{"line":392,"column":48}},"128":{"start":{"line":393,"column":4},"end":{"line":399,"column":5}},"129":{"start":{"line":394,"column":6},"end":{"line":398,"column":7}},"130":{"start":{"line":395,"column":21},"end":{"line":395,"column":44}},"131":{"start":{"line":396,"column":8},"end":{"line":397,"column":80}},"132":{"start":{"line":401,"column":4},"end":{"line":422,"column":7}},"133":{"start":{"line":402,"column":67},"end":{"line":406,"column":null}},"134":{"start":{"line":408,"column":40},"end":{"line":421,"column":9}},"135":{"start":{"line":416,"column":51},"end":{"line":420,"column":11}},"136":{"start":{"line":424,"column":4},"end":{"line":424,"column":64}},"137":{"start":{"line":425,"column":4},"end":{"line":425,"column":74}},"138":{"start":{"line":430,"column":0},"end":{"line":454,"column":2}},"139":{"start":{"line":434,"column":40},"end":{"line":453,"column":null}},"140":{"start":{"line":435,"column":18},"end":{"line":435,"column":51}},"141":{"start":{"line":436,"column":35},"end":{"line":436,"column":43}},"142":{"start":{"line":438,"column":4},"end":{"line":441,"column":5}},"143":{"start":{"line":439,"column":6},"end":{"line":439,"column":59}},"144":{"start":{"line":440,"column":6},"end":{"line":440,"column":13}},"145":{"start":{"line":443,"column":18},"end":{"line":450,"column":6}},"146":{"start":{"line":452,"column":4},"end":{"line":452,"column":68}},"147":{"start":{"line":457,"column":0},"end":{"line":473,"column":2}},"148":{"start":{"line":460,"column":40},"end":{"line":472,"column":null}},"149":{"start":{"line":461,"column":20},"end":{"line":461,"column":58}},"150":{"start":{"line":462,"column":18},"end":{"line":464,"column":6}},"151":{"start":{"line":465,"column":4},"end":{"line":470,"column":5}},"152":{"start":{"line":467,"column":23},"end":{"line":467,"column":65}},"153":{"start":{"line":468,"column":6},"end":{"line":468,"column":59}},"154":{"start":{"line":468,"column":35},"end":{"line":468,"column":59}},"155":{"start":{"line":469,"column":6},"end":{"line":469,"column":68}},"156":{"start":{"line":471,"column":4},"end":{"line":471,"column":43}},"157":{"start":{"line":476,"column":0},"end":{"line":480,"column":3}},"158":{"start":{"line":476,"column":66},"end":{"line":480,"column":2}},"159":{"start":{"line":477,"column":13},"end":{"line":477,"column":46}},"160":{"start":{"line":478,"column":2},"end":{"line":478,"column":52}},"161":{"start":{"line":479,"column":2},"end":{"line":479,"column":39}},"162":{"start":{"line":483,"column":0},"end":{"line":483,"column":53}},"163":{"start":{"line":484,"column":18},"end":{"line":484,"column":61}},"164":{"start":{"line":486,"column":0},"end":{"line":520,"column":3}},"165":{"start":{"line":486,"column":64},"end":{"line":520,"column":2}},"166":{"start":{"line":487,"column":15},"end":{"line":495,"column":4}},"167":{"start":{"line":497,"column":14},"end":{"line":514,"column":null}},"168":{"start":{"line":498,"column":20},"end":{"line":514,"column":7}},"169":{"start":{"line":517,"column":2},"end":{"line":517,"column":41}},"170":{"start":{"line":518,"column":2},"end":{"line":518,"column":29}},"171":{"start":{"line":519,"column":2},"end":{"line":519,"column":16}},"172":{"start":{"line":522,"column":0},"end":{"line":614,"column":2}},"173":{"start":{"line":526,"column":40},"end":{"line":613,"column":null}},"174":{"start":{"line":527,"column":4},"end":{"line":530,"column":5}},"175":{"start":{"line":528,"column":6},"end":{"line":528,"column":58}},"176":{"start":{"line":529,"column":6},"end":{"line":529,"column":13}},"177":{"start":{"line":532,"column":4},"end":{"line":612,"column":5}},"178":{"start":{"line":533,"column":19},"end":{"line":533,"column":50}},"179":{"start":{"line":534,"column":6},"end":{"line":534,"column":54}},"180":{"start":{"line":536,"column":6},"end":{"line":606,"column":7}},"181":{"start":{"line":537,"column":8},"end":{"line":537,"column":35}},"182":{"start":{"line":537,"column":26},"end":{"line":537,"column":35}},"183":{"start":{"line":542,"column":39},"end":{"line":542,"column":43}},"184":{"start":{"line":544,"column":8},"end":{"line":563,"column":9}},"185":{"start":{"line":545,"column":20},"end":{"line":547,"column":12}},"186":{"start":{"line":548,"column":10},"end":{"line":562,"column":11}},"187":{"start":{"line":548,"column":17},"end":{"line":548,"column":35}},"188":{"start":{"line":558,"column":33},"end":{"line":558,"column":49}},"189":{"start":{"line":561,"column":12},"end":{"line":561,"column":79}},"190":{"start":{"line":561,"column":51},"end":{"line":561,"column":79}},"191":{"start":{"line":565,"column":8},"end":{"line":570,"column":9}},"192":{"start":{"line":566,"column":20},"end":{"line":568,"column":12}},"193":{"start":{"line":569,"column":10},"end":{"line":569,"column":37}},"194":{"start":{"line":569,"column":17},"end":{"line":569,"column":37}},"195":{"start":{"line":572,"column":8},"end":{"line":577,"column":9}},"196":{"start":{"line":573,"column":20},"end":{"line":575,"column":12}},"197":{"start":{"line":576,"column":10},"end":{"line":576,"column":41}},"198":{"start":{"line":576,"column":17},"end":{"line":576,"column":41}},"199":{"start":{"line":579,"column":8},"end":{"line":584,"column":9}},"200":{"start":{"line":580,"column":10},"end":{"line":582,"column":12}},"201":{"start":{"line":583,"column":10},"end":{"line":583,"column":19}},"202":{"start":{"line":586,"column":26},"end":{"line":602,"column":10}},"203":{"start":{"line":605,"column":8},"end":{"line":605,"column":42}},"204":{"start":{"line":608,"column":6},"end":{"line":608,"column":60}},"205":{"start":{"line":610,"column":6},"end":{"line":610,"column":46}},"206":{"start":{"line":611,"column":6},"end":{"line":611,"column":68}},"207":{"start":{"line":617,"column":0},"end":{"line":623,"column":3}},"208":{"start":{"line":617,"column":68},"end":{"line":623,"column":2}},"209":{"start":{"line":618,"column":56},"end":{"line":618,"column":64}},"210":{"start":{"line":619,"column":2},"end":{"line":621,"column":5}},"211":{"start":{"line":622,"column":2},"end":{"line":622,"column":30}},"212":{"start":{"line":625,"column":0},"end":{"line":625,"column":22}}},"fnMap":{"0":{"name":"(anonymous_8)","decl":{"start":{"line":17,"column":15},"end":{"line":17,"column":16}},"loc":{"start":{"line":17,"column":34},"end":{"line":17,"column":52}}},"1":{"name":"(anonymous_9)","decl":{"start":{"line":18,"column":12},"end":{"line":18,"column":13}},"loc":{"start":{"line":18,"column":30},"end":{"line":22,"column":3}}},"2":{"name":"(anonymous_10)","decl":{"start":{"line":28,"column":14},"end":{"line":28,"column":15}},"loc":{"start":{"line":28,"column":32},"end":{"line":32,"column":3}}},"3":{"name":"(anonymous_11)","decl":{"start":{"line":36,"column":16},"end":{"line":36,"column":23}},"loc":{"start":{"line":36,"column":54},"end":{"line":76,"column":2}}},"4":{"name":"(anonymous_12)","decl":{"start":{"line":36,"column":54},"end":{"line":36,"column":null}},"loc":{"start":{"line":36,"column":54},"end":{"line":76,"column":1}}},"5":{"name":"(anonymous_13)","decl":{"start":{"line":53,"column":29},"end":{"line":53,"column":30}},"loc":{"start":{"line":53,"column":42},"end":{"line":73,"column":5}}},"6":{"name":"(anonymous_14)","decl":{"start":{"line":59,"column":39},"end":{"line":59,"column":40}},"loc":{"start":{"line":59,"column":51},"end":{"line":66,"column":7}}},"7":{"name":"(anonymous_15)","decl":{"start":{"line":79,"column":25},"end":{"line":79,"column":32}},"loc":{"start":{"line":79,"column":63},"end":{"line":92,"column":2}}},"8":{"name":"(anonymous_16)","decl":{"start":{"line":79,"column":63},"end":{"line":79,"column":null}},"loc":{"start":{"line":79,"column":63},"end":{"line":92,"column":1}}},"9":{"name":"(anonymous_17)","decl":{"start":{"line":99,"column":2},"end":{"line":99,"column":9}},"loc":{"start":{"line":99,"column":40},"end":{"line":186,"column":null}}},"10":{"name":"(anonymous_18)","decl":{"start":{"line":99,"column":40},"end":{"line":99,"column":null}},"loc":{"start":{"line":99,"column":40},"end":{"line":186,"column":3}}},"11":{"name":"(anonymous_19)","decl":{"start":{"line":194,"column":2},"end":{"line":194,"column":9}},"loc":{"start":{"line":194,"column":40},"end":{"line":230,"column":null}}},"12":{"name":"(anonymous_20)","decl":{"start":{"line":194,"column":40},"end":{"line":194,"column":null}},"loc":{"start":{"line":194,"column":40},"end":{"line":230,"column":3}}},"13":{"name":"(anonymous_21)","decl":{"start":{"line":234,"column":35},"end":{"line":234,"column":42}},"loc":{"start":{"line":234,"column":73},"end":{"line":330,"column":2}}},"14":{"name":"(anonymous_22)","decl":{"start":{"line":234,"column":73},"end":{"line":234,"column":null}},"loc":{"start":{"line":234,"column":73},"end":{"line":330,"column":1}}},"15":{"name":"(anonymous_23)","decl":{"start":{"line":333,"column":36},"end":{"line":333,"column":43}},"loc":{"start":{"line":333,"column":74},"end":{"line":427,"column":2}}},"16":{"name":"(anonymous_24)","decl":{"start":{"line":333,"column":74},"end":{"line":333,"column":null}},"loc":{"start":{"line":333,"column":74},"end":{"line":427,"column":1}}},"17":{"name":"(anonymous_25)","decl":{"start":{"line":402,"column":51},"end":{"line":402,"column":52}},"loc":{"start":{"line":402,"column":67},"end":{"line":406,"column":null}}},"18":{"name":"(anonymous_26)","decl":{"start":{"line":408,"column":33},"end":{"line":408,"column":34}},"loc":{"start":{"line":408,"column":39},"end":{"line":421,"column":9}}},"19":{"name":"(anonymous_27)","decl":{"start":{"line":416,"column":38},"end":{"line":416,"column":39}},"loc":{"start":{"line":416,"column":50},"end":{"line":420,"column":11}}},"20":{"name":"(anonymous_28)","decl":{"start":{"line":434,"column":2},"end":{"line":434,"column":9}},"loc":{"start":{"line":434,"column":40},"end":{"line":453,"column":null}}},"21":{"name":"(anonymous_29)","decl":{"start":{"line":434,"column":40},"end":{"line":434,"column":null}},"loc":{"start":{"line":434,"column":40},"end":{"line":453,"column":3}}},"22":{"name":"(anonymous_30)","decl":{"start":{"line":460,"column":2},"end":{"line":460,"column":9}},"loc":{"start":{"line":460,"column":40},"end":{"line":472,"column":null}}},"23":{"name":"(anonymous_31)","decl":{"start":{"line":460,"column":40},"end":{"line":460,"column":null}},"loc":{"start":{"line":460,"column":40},"end":{"line":472,"column":3}}},"24":{"name":"(anonymous_32)","decl":{"start":{"line":476,"column":28},"end":{"line":476,"column":35}},"loc":{"start":{"line":476,"column":66},"end":{"line":480,"column":2}}},"25":{"name":"(anonymous_33)","decl":{"start":{"line":476,"column":66},"end":{"line":476,"column":null}},"loc":{"start":{"line":476,"column":66},"end":{"line":480,"column":1}}},"26":{"name":"(anonymous_34)","decl":{"start":{"line":486,"column":26},"end":{"line":486,"column":33}},"loc":{"start":{"line":486,"column":64},"end":{"line":520,"column":2}}},"27":{"name":"(anonymous_35)","decl":{"start":{"line":486,"column":64},"end":{"line":486,"column":null}},"loc":{"start":{"line":486,"column":64},"end":{"line":520,"column":1}}},"28":{"name":"(anonymous_36)","decl":{"start":{"line":498,"column":13},"end":{"line":498,"column":14}},"loc":{"start":{"line":498,"column":19},"end":{"line":514,"column":7}}},"29":{"name":"(anonymous_37)","decl":{"start":{"line":526,"column":2},"end":{"line":526,"column":9}},"loc":{"start":{"line":526,"column":40},"end":{"line":613,"column":null}}},"30":{"name":"(anonymous_38)","decl":{"start":{"line":526,"column":40},"end":{"line":526,"column":null}},"loc":{"start":{"line":526,"column":40},"end":{"line":613,"column":3}}},"31":{"name":"(anonymous_39)","decl":{"start":{"line":617,"column":30},"end":{"line":617,"column":37}},"loc":{"start":{"line":617,"column":68},"end":{"line":623,"column":2}}},"32":{"name":"(anonymous_40)","decl":{"start":{"line":617,"column":68},"end":{"line":617,"column":null}},"loc":{"start":{"line":617,"column":68},"end":{"line":623,"column":1}}}},"branchMap":{"0":{"loc":{"start":{"line":14,"column":0},"end":{"line":14,"column":74}},"type":"if","locations":[{"start":{"line":14,"column":0},"end":{"line":14,"column":74}},{"start":{},"end":{}}]},"1":{"loc":{"start":{"line":29,"column":4},"end":{"line":30,"column":55}},"type":"if","locations":[{"start":{"line":29,"column":4},"end":{"line":30,"column":55}},{"start":{},"end":{}}]},"2":{"loc":{"start":{"line":55,"column":14},"end":{"line":55,"column":32}},"type":"cond-expr","locations":[{"start":{"line":55,"column":22},"end":{"line":55,"column":24}},{"start":{"line":55,"column":22},"end":{"line":55,"column":32}}]},"3":{"loc":{"start":{"line":55,"column":14},"end":{"line":55,"column":24}},"type":"binary-expr","locations":[{"start":{"line":55,"column":14},"end":{"line":55,"column":24}},{"start":{"line":55,"column":22},"end":{"line":55,"column":24}}]},"4":{"loc":{"start":{"line":56,"column":15},"end":{"line":56,"column":35}},"type":"cond-expr","locations":[{"start":{"line":56,"column":24},"end":{"line":56,"column":26}},{"start":{"line":56,"column":24},"end":{"line":56,"column":35}}]},"5":{"loc":{"start":{"line":56,"column":15},"end":{"line":56,"column":26}},"type":"binary-expr","locations":[{"start":{"line":56,"column":15},"end":{"line":56,"column":26}},{"start":{"line":56,"column":24},"end":{"line":56,"column":26}}]},"6":{"loc":{"start":{"line":57,"column":17},"end":{"line":57,"column":41}},"type":"cond-expr","locations":[{"start":{"line":57,"column":28},"end":{"line":57,"column":30}},{"start":{"line":57,"column":28},"end":{"line":57,"column":41}}]},"7":{"loc":{"start":{"line":57,"column":17},"end":{"line":57,"column":30}},"type":"binary-expr","locations":[{"start":{"line":57,"column":17},"end":{"line":57,"column":30}},{"start":{"line":57,"column":28},"end":{"line":57,"column":30}}]},"8":{"loc":{"start":{"line":58,"column":17},"end":{"line":58,"column":41}},"type":"cond-expr","locations":[{"start":{"line":58,"column":28},"end":{"line":58,"column":30}},{"start":{"line":58,"column":28},"end":{"line":58,"column":41}}]},"9":{"loc":{"start":{"line":58,"column":17},"end":{"line":58,"column":30}},"type":"binary-expr","locations":[{"start":{"line":58,"column":17},"end":{"line":58,"column":30}},{"start":{"line":58,"column":28},"end":{"line":58,"column":30}}]},"10":{"loc":{"start":{"line":61,"column":24},"end":{"line":61,"column":49}},"type":"cond-expr","locations":[{"start":{"line":61,"column":39},"end":{"line":61,"column":41}},{"start":{"line":61,"column":39},"end":{"line":61,"column":49}}]},"11":{"loc":{"start":{"line":61,"column":24},"end":{"line":61,"column":41}},"type":"binary-expr","locations":[{"start":{"line":61,"column":24},"end":{"line":61,"column":41}},{"start":{"line":61,"column":39},"end":{"line":61,"column":41}}]},"12":{"loc":{"start":{"line":67,"column":16},"end":{"line":67,"column":32}},"type":"cond-expr","locations":[{"start":{"line":67,"column":26},"end":{"line":67,"column":28}},{"start":{"line":67,"column":26},"end":{"line":67,"column":32}}]},"13":{"loc":{"start":{"line":67,"column":16},"end":{"line":67,"column":28}},"type":"binary-expr","locations":[{"start":{"line":67,"column":16},"end":{"line":67,"column":28}},{"start":{"line":67,"column":26},"end":{"line":67,"column":28}}]},"14":{"loc":{"start":{"line":68,"column":14},"end":{"line":68,"column":34}},"type":"cond-expr","locations":[{"start":{"line":68,"column":24},"end":{"line":68,"column":26}},{"start":{"line":68,"column":24},"end":{"line":68,"column":34}}]},"15":{"loc":{"start":{"line":68,"column":14},"end":{"line":68,"column":26}},"type":"binary-expr","locations":[{"start":{"line":68,"column":14},"end":{"line":68,"column":26}},{"start":{"line":68,"column":24},"end":{"line":68,"column":26}}]},"16":{"loc":{"start":{"line":120,"column":16},"end":{"line":120,"column":34}},"type":"binary-expr","locations":[{"start":{"line":120,"column":16},"end":{"line":120,"column":22}},{"start":{"line":120,"column":26},"end":{"line":120,"column":34}}]},"17":{"loc":{"start":{"line":121,"column":19},"end":{"line":121,"column":36}},"type":"binary-expr","locations":[{"start":{"line":121,"column":19},"end":{"line":121,"column":28}},{"start":{"line":121,"column":32},"end":{"line":121,"column":36}}]},"18":{"loc":{"start":{"line":122,"column":15},"end":{"line":122,"column":28}},"type":"binary-expr","locations":[{"start":{"line":122,"column":15},"end":{"line":122,"column":20}},{"start":{"line":122,"column":24},"end":{"line":122,"column":28}}]},"19":{"loc":{"start":{"line":123,"column":23},"end":{"line":123,"column":69}},"type":"cond-expr","locations":[{"start":{"line":123,"column":39},"end":{"line":123,"column":62}},{"start":{"line":123,"column":65},"end":{"line":123,"column":69}}]},"20":{"loc":{"start":{"line":124,"column":28},"end":{"line":124,"column":54}},"type":"binary-expr","locations":[{"start":{"line":124,"column":28},"end":{"line":124,"column":46}},{"start":{"line":124,"column":50},"end":{"line":124,"column":54}}]},"21":{"loc":{"start":{"line":125,"column":18},"end":{"line":125,"column":34}},"type":"binary-expr","locations":[{"start":{"line":125,"column":18},"end":{"line":125,"column":26}},{"start":{"line":125,"column":30},"end":{"line":125,"column":34}}]},"22":{"loc":{"start":{"line":155,"column":6},"end":{"line":160,"column":7}},"type":"if","locations":[{"start":{"line":155,"column":6},"end":{"line":160,"column":7}},{"start":{},"end":{}}]},"23":{"loc":{"start":{"line":166,"column":4},"end":{"line":183,"column":5}},"type":"if","locations":[{"start":{"line":166,"column":4},"end":{"line":183,"column":5}},{"start":{},"end":{}}]},"24":{"loc":{"start":{"line":166,"column":8},"end":{"line":166,"column":39}},"type":"binary-expr","locations":[{"start":{"line":166,"column":8},"end":{"line":166,"column":17}},{"start":{"line":166,"column":21},"end":{"line":166,"column":39}}]},"25":{"loc":{"start":{"line":171,"column":8},"end":{"line":179,"column":9}},"type":"if","locations":[{"start":{"line":171,"column":8},"end":{"line":179,"column":9}},{"start":{},"end":{}}]},"26":{"loc":{"start":{"line":174,"column":19},"end":{"line":174,"column":47}},"type":"binary-expr","locations":[{"start":{"line":174,"column":19},"end":{"line":174,"column":42}},{"start":{"line":174,"column":46},"end":{"line":174,"column":47}}]},"27":{"loc":{"start":{"line":211,"column":4},"end":{"line":211,"column":54}},"type":"if","locations":[{"start":{"line":211,"column":4},"end":{"line":211,"column":54}},{"start":{},"end":{}}]},"28":{"loc":{"start":{"line":212,"column":4},"end":{"line":212,"column":51}},"type":"if","locations":[{"start":{"line":212,"column":4},"end":{"line":212,"column":51}},{"start":{},"end":{}}]},"29":{"loc":{"start":{"line":213,"column":4},"end":{"line":213,"column":54}},"type":"if","locations":[{"start":{"line":213,"column":4},"end":{"line":213,"column":54}},{"start":{},"end":{}}]},"30":{"loc":{"start":{"line":214,"column":4},"end":{"line":214,"column":70}},"type":"if","locations":[{"start":{"line":214,"column":4},"end":{"line":214,"column":70}},{"start":{},"end":{}}]},"31":{"loc":{"start":{"line":215,"column":4},"end":{"line":215,"column":51}},"type":"if","locations":[{"start":{"line":215,"column":4},"end":{"line":215,"column":51}},{"start":{},"end":{}}]},"32":{"loc":{"start":{"line":216,"column":4},"end":{"line":216,"column":60}},"type":"if","locations":[{"start":{"line":216,"column":4},"end":{"line":216,"column":60}},{"start":{},"end":{}}]},"33":{"loc":{"start":{"line":217,"column":4},"end":{"line":217,"column":48}},"type":"if","locations":[{"start":{"line":217,"column":4},"end":{"line":217,"column":48}},{"start":{},"end":{}}]},"34":{"loc":{"start":{"line":218,"column":4},"end":{"line":218,"column":57}},"type":"if","locations":[{"start":{"line":218,"column":4},"end":{"line":218,"column":57}},{"start":{},"end":{}}]},"35":{"loc":{"start":{"line":219,"column":4},"end":{"line":220,"column":74}},"type":"if","locations":[{"start":{"line":219,"column":4},"end":{"line":220,"column":74}},{"start":{},"end":{}}]},"36":{"loc":{"start":{"line":220,"column":27},"end":{"line":220,"column":73}},"type":"cond-expr","locations":[{"start":{"line":220,"column":43},"end":{"line":220,"column":66}},{"start":{"line":220,"column":69},"end":{"line":220,"column":73}}]},"37":{"loc":{"start":{"line":221,"column":4},"end":{"line":222,"column":51}},"type":"if","locations":[{"start":{"line":221,"column":4},"end":{"line":222,"column":51}},{"start":{},"end":{}}]},"38":{"loc":{"start":{"line":223,"column":4},"end":{"line":223,"column":63}},"type":"if","locations":[{"start":{"line":223,"column":4},"end":{"line":223,"column":63}},{"start":{},"end":{}}]},"39":{"loc":{"start":{"line":244,"column":2},"end":{"line":247,"column":3}},"type":"if","locations":[{"start":{"line":244,"column":2},"end":{"line":247,"column":3}},{"start":{},"end":{}}]},"40":{"loc":{"start":{"line":249,"column":2},"end":{"line":252,"column":3}},"type":"if","locations":[{"start":{"line":249,"column":2},"end":{"line":252,"column":3}},{"start":{},"end":{}}]},"41":{"loc":{"start":{"line":268,"column":30},"end":{"line":268,"column":77}},"type":"cond-expr","locations":[{"start":{"line":268,"column":43},"end":{"line":268,"column":65}},{"start":{"line":268,"column":68},"end":{"line":268,"column":77}}]},"42":{"loc":{"start":{"line":269,"column":28},"end":{"line":269,"column":71}},"type":"cond-expr","locations":[{"start":{"line":269,"column":39},"end":{"line":269,"column":59}},{"start":{"line":269,"column":62},"end":{"line":269,"column":71}}]},"43":{"loc":{"start":{"line":274,"column":6},"end":{"line":316,"column":7}},"type":"if","locations":[{"start":{"line":274,"column":6},"end":{"line":316,"column":7}},{"start":{},"end":{}}]},"44":{"loc":{"start":{"line":280,"column":8},"end":{"line":315,"column":9}},"type":"if","locations":[{"start":{"line":280,"column":8},"end":{"line":315,"column":9}},{"start":{},"end":{}}]},"45":{"loc":{"start":{"line":298,"column":12},"end":{"line":298,"column":43}},"type":"if","locations":[{"start":{"line":298,"column":12},"end":{"line":298,"column":43}},{"start":{},"end":{}}]},"46":{"loc":{"start":{"line":299,"column":12},"end":{"line":299,"column":65}},"type":"if","locations":[{"start":{"line":299,"column":12},"end":{"line":299,"column":65}},{"start":{},"end":{}}]},"47":{"loc":{"start":{"line":299,"column":16},"end":{"line":299,"column":54}},"type":"binary-expr","locations":[{"start":{"line":299,"column":16},"end":{"line":299,"column":34}},{"start":{"line":299,"column":38},"end":{"line":299,"column":54}}]},"48":{"loc":{"start":{"line":302,"column":14},"end":{"line":302,"column":55}},"type":"binary-expr","locations":[{"start":{"line":302,"column":14},"end":{"line":302,"column":50}},{"start":{"line":302,"column":54},"end":{"line":302,"column":55}}]},"49":{"loc":{"start":{"line":363,"column":8},"end":{"line":369,"column":9}},"type":"if","locations":[{"start":{"line":363,"column":8},"end":{"line":369,"column":9}},{"start":{},"end":{}}]},"50":{"loc":{"start":{"line":365,"column":22},"end":{"line":365,"column":69}},"type":"binary-expr","locations":[{"start":{"line":365,"column":22},"end":{"line":365,"column":56}},{"start":{"line":365,"column":60},"end":{"line":365,"column":69}}]},"51":{"loc":{"start":{"line":365,"column":22},"end":{"line":365,"column":56}},"type":"cond-expr","locations":[{"start":{"line":365,"column":46},"end":{"line":365,"column":48}},{"start":{"line":365,"column":46},"end":{"line":365,"column":56}}]},"52":{"loc":{"start":{"line":365,"column":22},"end":{"line":365,"column":48}},"type":"binary-expr","locations":[{"start":{"line":365,"column":22},"end":{"line":365,"column":48}},{"start":{"line":365,"column":46},"end":{"line":365,"column":48}}]},"53":{"loc":{"start":{"line":378,"column":21},"end":{"line":378,"column":41}},"type":"cond-expr","locations":[{"start":{"line":378,"column":30},"end":{"line":378,"column":32}},{"start":{"line":378,"column":30},"end":{"line":378,"column":41}}]},"54":{"loc":{"start":{"line":378,"column":21},"end":{"line":378,"column":32}},"type":"binary-expr","locations":[{"start":{"line":378,"column":21},"end":{"line":378,"column":32}},{"start":{"line":378,"column":30},"end":{"line":378,"column":32}}]},"55":{"loc":{"start":{"line":379,"column":23},"end":{"line":379,"column":47}},"type":"cond-expr","locations":[{"start":{"line":379,"column":34},"end":{"line":379,"column":36}},{"start":{"line":379,"column":34},"end":{"line":379,"column":47}}]},"56":{"loc":{"start":{"line":379,"column":23},"end":{"line":379,"column":36}},"type":"binary-expr","locations":[{"start":{"line":379,"column":23},"end":{"line":379,"column":36}},{"start":{"line":379,"column":34},"end":{"line":379,"column":36}}]},"57":{"loc":{"start":{"line":394,"column":6},"end":{"line":398,"column":7}},"type":"if","locations":[{"start":{"line":394,"column":6},"end":{"line":398,"column":7}},{"start":{},"end":{}}]},"58":{"loc":{"start":{"line":397,"column":11},"end":{"line":397,"column":31}},"type":"binary-expr","locations":[{"start":{"line":397,"column":11},"end":{"line":397,"column":26}},{"start":{"line":397,"column":30},"end":{"line":397,"column":31}}]},"59":{"loc":{"start":{"line":397,"column":42},"end":{"line":397,"column":78}},"type":"binary-expr","locations":[{"start":{"line":397,"column":42},"end":{"line":397,"column":73}},{"start":{"line":397,"column":77},"end":{"line":397,"column":78}}]},"60":{"loc":{"start":{"line":405,"column":24},"end":{"line":405,"column":53}},"type":"binary-expr","locations":[{"start":{"line":405,"column":24},"end":{"line":405,"column":48}},{"start":{"line":405,"column":52},"end":{"line":405,"column":53}}]},"61":{"loc":{"start":{"line":406,"column":21},"end":{"line":406,"column":50}},"type":"binary-expr","locations":[{"start":{"line":406,"column":21},"end":{"line":406,"column":45}},{"start":{"line":406,"column":49},"end":{"line":406,"column":50}}]},"62":{"loc":{"start":{"line":413,"column":19},"end":{"line":413,"column":37}},"type":"cond-expr","locations":[{"start":{"line":413,"column":26},"end":{"line":413,"column":28}},{"start":{"line":413,"column":26},"end":{"line":413,"column":37}}]},"63":{"loc":{"start":{"line":413,"column":19},"end":{"line":413,"column":28}},"type":"binary-expr","locations":[{"start":{"line":413,"column":19},"end":{"line":413,"column":28}},{"start":{"line":413,"column":26},"end":{"line":413,"column":28}}]},"64":{"loc":{"start":{"line":414,"column":21},"end":{"line":414,"column":43}},"type":"cond-expr","locations":[{"start":{"line":414,"column":30},"end":{"line":414,"column":32}},{"start":{"line":414,"column":30},"end":{"line":414,"column":43}}]},"65":{"loc":{"start":{"line":414,"column":21},"end":{"line":414,"column":32}},"type":"binary-expr","locations":[{"start":{"line":414,"column":21},"end":{"line":414,"column":32}},{"start":{"line":414,"column":30},"end":{"line":414,"column":32}}]},"66":{"loc":{"start":{"line":415,"column":20},"end":{"line":415,"column":34}},"type":"cond-expr","locations":[{"start":{"line":415,"column":28},"end":{"line":415,"column":30}},{"start":{"line":415,"column":28},"end":{"line":415,"column":34}}]},"67":{"loc":{"start":{"line":415,"column":20},"end":{"line":415,"column":30}},"type":"binary-expr","locations":[{"start":{"line":415,"column":20},"end":{"line":415,"column":30}},{"start":{"line":415,"column":28},"end":{"line":415,"column":30}}]},"68":{"loc":{"start":{"line":418,"column":20},"end":{"line":418,"column":45}},"type":"cond-expr","locations":[{"start":{"line":418,"column":35},"end":{"line":418,"column":37}},{"start":{"line":418,"column":35},"end":{"line":418,"column":45}}]},"69":{"loc":{"start":{"line":418,"column":20},"end":{"line":418,"column":37}},"type":"binary-expr","locations":[{"start":{"line":418,"column":20},"end":{"line":418,"column":37}},{"start":{"line":418,"column":35},"end":{"line":418,"column":37}}]},"70":{"loc":{"start":{"line":438,"column":4},"end":{"line":441,"column":5}},"type":"if","locations":[{"start":{"line":438,"column":4},"end":{"line":441,"column":5}},{"start":{},"end":{}}]},"71":{"loc":{"start":{"line":447,"column":17},"end":{"line":447,"column":32}},"type":"binary-expr","locations":[{"start":{"line":447,"column":17},"end":{"line":447,"column":24}},{"start":{"line":447,"column":28},"end":{"line":447,"column":32}}]},"72":{"loc":{"start":{"line":448,"column":19},"end":{"line":448,"column":36}},"type":"binary-expr","locations":[{"start":{"line":448,"column":19},"end":{"line":448,"column":28}},{"start":{"line":448,"column":32},"end":{"line":448,"column":36}}]},"73":{"loc":{"start":{"line":465,"column":4},"end":{"line":470,"column":5}},"type":"if","locations":[{"start":{"line":465,"column":4},"end":{"line":470,"column":5}},{"start":{},"end":{}}]},"74":{"loc":{"start":{"line":468,"column":6},"end":{"line":468,"column":59}},"type":"if","locations":[{"start":{"line":468,"column":6},"end":{"line":468,"column":59}},{"start":{},"end":{}}]},"75":{"loc":{"start":{"line":501,"column":12},"end":{"line":501,"column":28}},"type":"cond-expr","locations":[{"start":{"line":501,"column":18},"end":{"line":501,"column":20}},{"start":{"line":501,"column":18},"end":{"line":501,"column":28}}]},"76":{"loc":{"start":{"line":501,"column":12},"end":{"line":501,"column":20}},"type":"binary-expr","locations":[{"start":{"line":501,"column":12},"end":{"line":501,"column":20}},{"start":{"line":501,"column":18},"end":{"line":501,"column":20}}]},"77":{"loc":{"start":{"line":502,"column":13},"end":{"line":502,"column":31}},"type":"cond-expr","locations":[{"start":{"line":502,"column":20},"end":{"line":502,"column":22}},{"start":{"line":502,"column":20},"end":{"line":502,"column":31}}]},"78":{"loc":{"start":{"line":502,"column":13},"end":{"line":502,"column":22}},"type":"binary-expr","locations":[{"start":{"line":502,"column":13},"end":{"line":502,"column":22}},{"start":{"line":502,"column":20},"end":{"line":502,"column":22}}]},"79":{"loc":{"start":{"line":503,"column":14},"end":{"line":503,"column":28}},"type":"cond-expr","locations":[{"start":{"line":503,"column":22},"end":{"line":503,"column":24}},{"start":{"line":503,"column":22},"end":{"line":503,"column":28}}]},"80":{"loc":{"start":{"line":503,"column":14},"end":{"line":503,"column":24}},"type":"binary-expr","locations":[{"start":{"line":503,"column":14},"end":{"line":503,"column":24}},{"start":{"line":503,"column":22},"end":{"line":503,"column":24}}]},"81":{"loc":{"start":{"line":504,"column":15},"end":{"line":504,"column":37}},"type":"cond-expr","locations":[{"start":{"line":504,"column":24},"end":{"line":504,"column":26}},{"start":{"line":504,"column":24},"end":{"line":504,"column":37}}]},"82":{"loc":{"start":{"line":504,"column":15},"end":{"line":504,"column":26}},"type":"binary-expr","locations":[{"start":{"line":504,"column":15},"end":{"line":504,"column":26}},{"start":{"line":504,"column":24},"end":{"line":504,"column":26}}]},"83":{"loc":{"start":{"line":506,"column":21},"end":{"line":508,"column":12}},"type":"cond-expr","locations":[{"start":{"line":507,"column":10},"end":{"line":507,"column":53}},{"start":{"line":508,"column":10},"end":{"line":508,"column":12}}]},"84":{"loc":{"start":{"line":510,"column":21},"end":{"line":510,"column":48}},"type":"cond-expr","locations":[{"start":{"line":510,"column":36},"end":{"line":510,"column":38}},{"start":{"line":510,"column":36},"end":{"line":510,"column":48}}]},"85":{"loc":{"start":{"line":510,"column":21},"end":{"line":510,"column":38}},"type":"binary-expr","locations":[{"start":{"line":510,"column":21},"end":{"line":510,"column":38}},{"start":{"line":510,"column":36},"end":{"line":510,"column":38}}]},"86":{"loc":{"start":{"line":511,"column":18},"end":{"line":511,"column":42}},"type":"cond-expr","locations":[{"start":{"line":511,"column":30},"end":{"line":511,"column":32}},{"start":{"line":511,"column":30},"end":{"line":511,"column":42}}]},"87":{"loc":{"start":{"line":511,"column":18},"end":{"line":511,"column":32}},"type":"binary-expr","locations":[{"start":{"line":511,"column":18},"end":{"line":511,"column":32}},{"start":{"line":511,"column":30},"end":{"line":511,"column":32}}]},"88":{"loc":{"start":{"line":512,"column":26},"end":{"line":512,"column":58}},"type":"cond-expr","locations":[{"start":{"line":512,"column":46},"end":{"line":512,"column":48}},{"start":{"line":512,"column":46},"end":{"line":512,"column":58}}]},"89":{"loc":{"start":{"line":512,"column":26},"end":{"line":512,"column":48}},"type":"binary-expr","locations":[{"start":{"line":512,"column":26},"end":{"line":512,"column":48}},{"start":{"line":512,"column":46},"end":{"line":512,"column":48}}]},"90":{"loc":{"start":{"line":527,"column":4},"end":{"line":530,"column":5}},"type":"if","locations":[{"start":{"line":527,"column":4},"end":{"line":530,"column":5}},{"start":{},"end":{}}]},"91":{"loc":{"start":{"line":537,"column":8},"end":{"line":537,"column":35}},"type":"if","locations":[{"start":{"line":537,"column":8},"end":{"line":537,"column":35}},{"start":{},"end":{}}]},"92":{"loc":{"start":{"line":544,"column":8},"end":{"line":563,"column":9}},"type":"if","locations":[{"start":{"line":544,"column":8},"end":{"line":563,"column":9}},{"start":{},"end":{}}]},"93":{"loc":{"start":{"line":548,"column":10},"end":{"line":562,"column":11}},"type":"if","locations":[{"start":{"line":548,"column":10},"end":{"line":562,"column":11}},{"start":{"line":549,"column":15},"end":{"line":562,"column":11}}]},"94":{"loc":{"start":{"line":561,"column":12},"end":{"line":561,"column":79}},"type":"if","locations":[{"start":{"line":561,"column":12},"end":{"line":561,"column":79}},{"start":{},"end":{}}]},"95":{"loc":{"start":{"line":561,"column":16},"end":{"line":561,"column":49}},"type":"binary-expr","locations":[{"start":{"line":561,"column":16},"end":{"line":561,"column":27}},{"start":{"line":561,"column":31},"end":{"line":561,"column":49}}]},"96":{"loc":{"start":{"line":565,"column":8},"end":{"line":570,"column":9}},"type":"if","locations":[{"start":{"line":565,"column":8},"end":{"line":570,"column":9}},{"start":{},"end":{}}]},"97":{"loc":{"start":{"line":569,"column":10},"end":{"line":569,"column":37}},"type":"if","locations":[{"start":{"line":569,"column":10},"end":{"line":569,"column":37}},{"start":{},"end":{}}]},"98":{"loc":{"start":{"line":572,"column":8},"end":{"line":577,"column":9}},"type":"if","locations":[{"start":{"line":572,"column":8},"end":{"line":577,"column":9}},{"start":{},"end":{}}]},"99":{"loc":{"start":{"line":576,"column":10},"end":{"line":576,"column":41}},"type":"if","locations":[{"start":{"line":576,"column":10},"end":{"line":576,"column":41}},{"start":{},"end":{}}]},"100":{"loc":{"start":{"line":579,"column":8},"end":{"line":584,"column":9}},"type":"if","locations":[{"start":{"line":579,"column":8},"end":{"line":584,"column":9}},{"start":{},"end":{}}]},"101":{"loc":{"start":{"line":579,"column":12},"end":{"line":579,"column":31}},"type":"binary-expr","locations":[{"start":{"line":579,"column":12},"end":{"line":579,"column":19}},{"start":{"line":579,"column":23},"end":{"line":579,"column":31}}]},"102":{"loc":{"start":{"line":591,"column":21},"end":{"line":591,"column":73}},"type":"cond-expr","locations":[{"start":{"line":591,"column":37},"end":{"line":591,"column":60}},{"start":{"line":591,"column":63},"end":{"line":591,"column":73}}]},"103":{"loc":{"start":{"line":592,"column":25},"end":{"line":592,"column":79}},"type":"cond-expr","locations":[{"start":{"line":592,"column":45},"end":{"line":592,"column":72}},{"start":{"line":592,"column":75},"end":{"line":592,"column":79}}]},"104":{"loc":{"start":{"line":593,"column":18},"end":{"line":593,"column":40}},"type":"binary-expr","locations":[{"start":{"line":593,"column":18},"end":{"line":593,"column":28}},{"start":{"line":593,"column":32},"end":{"line":593,"column":40}}]},"105":{"loc":{"start":{"line":594,"column":25},"end":{"line":596,"column":23}},"type":"cond-expr","locations":[{"start":{"line":595,"column":14},"end":{"line":595,"column":43}},{"start":{"line":596,"column":14},"end":{"line":596,"column":23}}]},"106":{"loc":{"start":{"line":597,"column":22},"end":{"line":597,"column":77}},"type":"cond-expr","locations":[{"start":{"line":597,"column":39},"end":{"line":597,"column":65}},{"start":{"line":597,"column":68},"end":{"line":597,"column":77}}]},"107":{"loc":{"start":{"line":598,"column":30},"end":{"line":600,"column":23}},"type":"cond-expr","locations":[{"start":{"line":599,"column":14},"end":{"line":599,"column":46}},{"start":{"line":600,"column":14},"end":{"line":600,"column":23}}]},"108":{"loc":{"start":{"line":601,"column":17},"end":{"line":601,"column":34}},"type":"binary-expr","locations":[{"start":{"line":601,"column":17},"end":{"line":601,"column":26}},{"start":{"line":601,"column":30},"end":{"line":601,"column":34}}]}},"s":{"0":2,"1":2,"2":2,"3":2,"4":2,"5":2,"6":2,"7":2,"8":2,"9":2,"10":2,"11":1,"12":2,"13":0,"14":0,"15":0,"16":2,"17":0,"18":0,"19":0,"20":2,"21":1,"22":1,"23":1,"24":1,"25":0,"26":1,"27":2,"28":1,"29":1,"30":1,"31":2,"32":2,"33":2,"34":2,"35":2,"36":2,"37":2,"38":2,"39":1,"40":1,"41":2,"42":0,"43":0,"44":2,"45":2,"46":2,"47":1,"48":1,"49":1,"50":1,"51":1,"52":2,"53":2,"54":1,"55":1,"56":1,"57":1,"58":1,"59":0,"60":1,"61":0,"62":1,"63":0,"64":1,"65":0,"66":1,"67":1,"68":1,"69":0,"70":1,"71":0,"72":1,"73":0,"74":1,"75":0,"76":1,"77":0,"78":1,"79":0,"80":1,"81":1,"82":2,"83":7,"84":7,"85":7,"86":7,"87":7,"88":1,"89":1,"90":6,"91":1,"92":1,"93":5,"94":5,"95":5,"96":5,"97":4,"98":4,"99":4,"100":3,"101":3,"102":3,"103":6,"104":1,"105":5,"106":1,"107":4,"108":4,"109":4,"110":4,"111":4,"112":4,"113":1,"114":1,"115":2,"116":2,"117":2,"118":2,"119":1,"120":1,"121":0,"122":0,"123":0,"124":0,"125":0,"126":1,"127":1,"128":1,"129":0,"130":0,"131":0,"132":1,"133":0,"134":0,"135":0,"136":1,"137":1,"138":2,"139":1,"140":1,"141":1,"142":1,"143":0,"144":0,"145":1,"146":1,"147":2,"148":2,"149":2,"150":2,"151":2,"152":1,"153":1,"154":1,"155":1,"156":2,"157":2,"158":1,"159":1,"160":1,"161":1,"162":2,"163":2,"164":2,"165":1,"166":1,"167":1,"168":0,"169":1,"170":1,"171":1,"172":2,"173":2,"174":2,"175":0,"176":0,"177":2,"178":2,"179":2,"180":2,"181":5,"182":1,"183":4,"184":4,"185":3,"186":3,"187":1,"188":2,"189":2,"190":2,"191":4,"192":3,"193":3,"194":1,"195":4,"196":1,"197":1,"198":1,"199":4,"200":3,"201":3,"202":1,"203":1,"204":2,"205":0,"206":0,"207":2,"208":0,"209":0,"210":0,"211":0,"212":2},"f":{"0":0,"1":0,"2":0,"3":1,"4":1,"5":1,"6":0,"7":1,"8":1,"9":2,"10":2,"11":1,"12":1,"13":7,"14":7,"15":2,"16":2,"17":0,"18":0,"19":0,"20":1,"21":1,"22":2,"23":2,"24":1,"25":1,"26":1,"27":1,"28":0,"29":2,"30":2,"31":0,"32":0},"b":{"0":[1,1],"1":[0,0],"2":[1,0],"3":[1,1],"4":[1,0],"5":[1,1],"6":[1,0],"7":[1,1],"8":[1,0],"9":[1,1],"10":[0,0],"11":[0,0],"12":[1,0],"13":[1,1],"14":[1,0],"15":[1,1],"16":[2,2],"17":[2,0],"18":[2,2],"19":[0,2],"20":[2,0],"21":[2,2],"22":[0,2],"23":[2,0],"24":[2,2],"25":[1,0],"26":[1,0],"27":[0,1],"28":[0,1],"29":[0,1],"30":[0,1],"31":[1,0],"32":[0,1],"33":[0,1],"34":[0,1],"35":[0,1],"36":[0,0],"37":[0,1],"38":[0,1],"39":[1,6],"40":[1,5],"41":[0,5],"42":[0,5],"43":[4,0],"44":[3,1],"45":[1,5],"46":[1,4],"47":[5,4],"48":[4,0],"49":[0,0],"50":[0,0],"51":[0,0],"52":[0,0],"53":[0,0],"54":[0,0],"55":[0,0],"56":[0,0],"57":[0,0],"58":[0,0],"59":[0,0],"60":[0,0],"61":[0,0],"62":[0,0],"63":[0,0],"64":[0,0],"65":[0,0],"66":[0,0],"67":[0,0],"68":[0,0],"69":[0,0],"70":[0,1],"71":[1,1],"72":[1,1],"73":[1,1],"74":[1,0],"75":[0,0],"76":[0,0],"77":[0,0],"78":[0,0],"79":[0,0],"80":[0,0],"81":[0,0],"82":[0,0],"83":[0,0],"84":[0,0],"85":[0,0],"86":[0,0],"87":[0,0],"88":[0,0],"89":[0,0],"90":[0,2],"91":[1,4],"92":[3,1],"93":[1,2],"94":[2,0],"95":[2,2],"96":[3,1],"97":[1,2],"98":[1,3],"99":[1,0],"100":[3,1],"101":[4,3],"102":[0,1],"103":[0,1],"104":[1,1],"105":[0,1],"106":[0,1],"107":[0,1],"108":[1,1]}}
,"C:\\Users\\theoh\\project\\print_tracker\\backend\\routes\\materialTypes.ts": {"path":"C:\\Users\\theoh\\project\\print_tracker\\backend\\routes\\materialTypes.ts","statementMap":{"0":{"start":{"line":1,"column":0},"end":{"line":1,"column":53}},"1":{"start":{"line":2,"column":0},"end":{"line":2,"column":37}},"2":{"start":{"line":3,"column":0},"end":{"line":3,"column":38}},"3":{"start":{"line":5,"column":15},"end":{"line":5,"column":31}},"4":{"start":{"line":8,"column":0},"end":{"line":18,"column":3}},"5":{"start":{"line":8,"column":54},"end":{"line":18,"column":2}},"6":{"start":{"line":9,"column":2},"end":{"line":17,"column":3}},"7":{"start":{"line":10,"column":26},"end":{"line":12,"column":6}},"8":{"start":{"line":13,"column":4},"end":{"line":13,"column":28}},"9":{"start":{"line":15,"column":4},"end":{"line":15,"column":60}},"10":{"start":{"line":16,"column":4},"end":{"line":16,"column":70}},"11":{"start":{"line":21,"column":0},"end":{"line":48,"column":3}},"12":{"start":{"line":21,"column":61},"end":{"line":48,"column":2}},"13":{"start":{"line":22,"column":49},"end":{"line":22,"column":57}},"14":{"start":{"line":24,"column":2},"end":{"line":27,"column":3}},"15":{"start":{"line":25,"column":4},"end":{"line":25,"column":60}},"16":{"start":{"line":26,"column":4},"end":{"line":26,"column":11}},"17":{"start":{"line":29,"column":2},"end":{"line":47,"column":3}},"18":{"start":{"line":30,"column":25},"end":{"line":36,"column":6}},"19":{"start":{"line":37,"column":4},"end":{"line":37,"column":65}},"20":{"start":{"line":39,"column":4},"end":{"line":46,"column":5}},"21":{"start":{"line":40,"column":6},"end":{"line":42,"column":72}},"22":{"start":{"line":44,"column":6},"end":{"line":44,"column":62}},"23":{"start":{"line":45,"column":6},"end":{"line":45,"column":72}},"24":{"start":{"line":51,"column":0},"end":{"line":80,"column":3}},"25":{"start":{"line":51,"column":63},"end":{"line":80,"column":2}},"26":{"start":{"line":52,"column":17},"end":{"line":52,"column":27}},"27":{"start":{"line":53,"column":49},"end":{"line":53,"column":57}},"28":{"start":{"line":55,"column":2},"end":{"line":79,"column":3}},"29":{"start":{"line":56,"column":25},"end":{"line":68,"column":6}},"30":{"start":{"line":69,"column":4},"end":{"line":69,"column":65}},"31":{"start":{"line":71,"column":4},"end":{"line":78,"column":5}},"32":{"start":{"line":72,"column":6},"end":{"line":74,"column":72}},"33":{"start":{"line":76,"column":6},"end":{"line":76,"column":62}},"34":{"start":{"line":77,"column":6},"end":{"line":77,"column":72}},"35":{"start":{"line":83,"column":0},"end":{"line":102,"column":3}},"36":{"start":{"line":83,"column":66},"end":{"line":102,"column":2}},"37":{"start":{"line":84,"column":17},"end":{"line":84,"column":27}},"38":{"start":{"line":86,"column":2},"end":{"line":101,"column":3}},"39":{"start":{"line":87,"column":4},"end":{"line":89,"column":7}},"40":{"start":{"line":90,"column":4},"end":{"line":90,"column":51}},"41":{"start":{"line":92,"column":4},"end":{"line":100,"column":5}},"42":{"start":{"line":93,"column":6},"end":{"line":96,"column":9}},"43":{"start":{"line":98,"column":6},"end":{"line":98,"column":62}},"44":{"start":{"line":99,"column":6},"end":{"line":99,"column":72}},"45":{"start":{"line":104,"column":0},"end":{"line":104,"column":22}}},"fnMap":{"0":{"name":"(anonymous_8)","decl":{"start":{"line":8,"column":16},"end":{"line":8,"column":23}},"loc":{"start":{"line":8,"column":54},"end":{"line":18,"column":2}}},"1":{"name":"(anonymous_9)","decl":{"start":{"line":8,"column":54},"end":{"line":8,"column":null}},"loc":{"start":{"line":8,"column":54},"end":{"line":18,"column":1}}},"2":{"name":"(anonymous_10)","decl":{"start":{"line":21,"column":23},"end":{"line":21,"column":30}},"loc":{"start":{"line":21,"column":61},"end":{"line":48,"column":2}}},"3":{"name":"(anonymous_11)","decl":{"start":{"line":21,"column":61},"end":{"line":21,"column":null}},"loc":{"start":{"line":21,"column":61},"end":{"line":48,"column":1}}},"4":{"name":"(anonymous_12)","decl":{"start":{"line":51,"column":25},"end":{"line":51,"column":32}},"loc":{"start":{"line":51,"column":63},"end":{"line":80,"column":2}}},"5":{"name":"(anonymous_13)","decl":{"start":{"line":51,"column":63},"end":{"line":51,"column":null}},"loc":{"start":{"line":51,"column":63},"end":{"line":80,"column":1}}},"6":{"name":"(anonymous_14)","decl":{"start":{"line":83,"column":28},"end":{"line":83,"column":35}},"loc":{"start":{"line":83,"column":66},"end":{"line":102,"column":2}}},"7":{"name":"(anonymous_15)","decl":{"start":{"line":83,"column":66},"end":{"line":83,"column":null}},"loc":{"start":{"line":83,"column":66},"end":{"line":102,"column":1}}}},"branchMap":{"0":{"loc":{"start":{"line":24,"column":2},"end":{"line":27,"column":3}},"type":"if","locations":[{"start":{"line":24,"column":2},"end":{"line":27,"column":3}},{"start":{},"end":{}}]},"1":{"loc":{"start":{"line":33,"column":21},"end":{"line":33,"column":40}},"type":"binary-expr","locations":[{"start":{"line":33,"column":21},"end":{"line":33,"column":32}},{"start":{"line":33,"column":36},"end":{"line":33,"column":40}}]},"2":{"loc":{"start":{"line":34,"column":21},"end":{"line":34,"column":73}},"type":"cond-expr","locations":[{"start":{"line":34,"column":43},"end":{"line":34,"column":66}},{"start":{"line":34,"column":69},"end":{"line":34,"column":73}}]},"3":{"loc":{"start":{"line":39,"column":4},"end":{"line":46,"column":5}},"type":"if","locations":[{"start":{"line":39,"column":4},"end":{"line":46,"column":5}},{"start":{"line":43,"column":11},"end":{"line":46,"column":5}}]},"4":{"loc":{"start":{"line":59,"column":18},"end":{"line":59,"column":39}},"type":"binary-expr","locations":[{"start":{"line":59,"column":18},"end":{"line":59,"column":26}},{"start":{"line":59,"column":30},"end":{"line":59,"column":39}}]},"5":{"loc":{"start":{"line":60,"column":21},"end":{"line":60,"column":72}},"type":"cond-expr","locations":[{"start":{"line":60,"column":49},"end":{"line":60,"column":60}},{"start":{"line":60,"column":63},"end":{"line":60,"column":72}}]},"6":{"loc":{"start":{"line":62,"column":10},"end":{"line":66,"column":23}},"type":"cond-expr","locations":[{"start":{"line":63,"column":14},"end":{"line":65,"column":20}},{"start":{"line":66,"column":14},"end":{"line":66,"column":23}}]},"7":{"loc":{"start":{"line":63,"column":14},"end":{"line":65,"column":20}},"type":"cond-expr","locations":[{"start":{"line":64,"column":16},"end":{"line":64,"column":39}},{"start":{"line":65,"column":16},"end":{"line":65,"column":20}}]},"8":{"loc":{"start":{"line":71,"column":4},"end":{"line":78,"column":5}},"type":"if","locations":[{"start":{"line":71,"column":4},"end":{"line":78,"column":5}},{"start":{"line":75,"column":11},"end":{"line":78,"column":5}}]},"9":{"loc":{"start":{"line":92,"column":4},"end":{"line":100,"column":5}},"type":"if","locations":[{"start":{"line":92,"column":4},"end":{"line":100,"column":5}},{"start":{"line":97,"column":11},"end":{"line":100,"column":5}}]}},"s":{"0":1,"1":1,"2":1,"3":1,"4":1,"5":1,"6":1,"7":1,"8":1,"9":0,"10":0,"11":1,"12":2,"13":2,"14":2,"15":0,"16":0,"17":2,"18":2,"19":1,"20":1,"21":1,"22":0,"23":0,"24":1,"25":1,"26":1,"27":1,"28":1,"29":1,"30":1,"31":0,"32":0,"33":0,"34":0,"35":1,"36":1,"37":1,"38":1,"39":1,"40":1,"41":0,"42":0,"43":0,"44":0,"45":1},"f":{"0":1,"1":1,"2":2,"3":2,"4":1,"5":1,"6":1,"7":1},"b":{"0":[0,2],"1":[2,2],"2":[1,1],"3":[1,0],"4":[1,0],"5":[0,1],"6":[0,1],"7":[0,0],"8":[0,0],"9":[0,0]}}
,"C:\\Users\\theoh\\project\\print_tracker\\backend\\routes\\materials.ts": {"path":"C:\\Users\\theoh\\project\\print_tracker\\backend\\routes\\materials.ts","statementMap":{"0":{"start":{"line":1,"column":0},"end":{"line":1,"column":53}},"1":{"start":{"line":2,"column":0},"end":{"line":2,"column":37}},"2":{"start":{"line":3,"column":0},"end":{"line":3,"column":46}},"3":{"start":{"line":4,"column":0},"end":{"line":4,"column":38}},"4":{"start":{"line":5,"column":0},"end":{"line":5,"column":61}},"5":{"start":{"line":7,"column":15},"end":{"line":7,"column":31}},"6":{"start":{"line":9,"column":0},"end":{"line":15,"column":3}},"7":{"start":{"line":9,"column":54},"end":{"line":15,"column":2}},"8":{"start":{"line":10,"column":20},"end":{"line":13,"column":4}},"9":{"start":{"line":14,"column":2},"end":{"line":14,"column":22}},"10":{"start":{"line":18,"column":0},"end":{"line":32,"column":3}},"11":{"start":{"line":18,"column":60},"end":{"line":32,"column":2}},"12":{"start":{"line":19,"column":20},"end":{"line":23,"column":4}},"13":{"start":{"line":25,"column":17},"end":{"line":29,"column":4}},"14":{"start":{"line":26,"column":4},"end":{"line":27,"column":19}},"15":{"start":{"line":27,"column":6},"end":{"line":27,"column":19}},"16":{"start":{"line":28,"column":4},"end":{"line":28,"column":77}},"17":{"start":{"line":31,"column":2},"end":{"line":31,"column":19}},"18":{"start":{"line":34,"column":0},"end":{"line":44,"column":3}},"19":{"start":{"line":34,"column":57},"end":{"line":44,"column":2}},"20":{"start":{"line":35,"column":17},"end":{"line":35,"column":27}},"21":{"start":{"line":36,"column":19},"end":{"line":38,"column":4}},"22":{"start":{"line":39,"column":2},"end":{"line":42,"column":3}},"23":{"start":{"line":40,"column":4},"end":{"line":40,"column":58}},"24":{"start":{"line":41,"column":4},"end":{"line":41,"column":11}},"25":{"start":{"line":43,"column":2},"end":{"line":43,"column":21}},"26":{"start":{"line":46,"column":0},"end":{"line":89,"column":2}},"27":{"start":{"line":50,"column":40},"end":{"line":88,"column":null}},"28":{"start":{"line":62,"column":8},"end":{"line":62,"column":16}},"29":{"start":{"line":65,"column":23},"end":{"line":65,"column":35}},"30":{"start":{"line":66,"column":4},"end":{"line":71,"column":5}},"31":{"start":{"line":67,"column":17},"end":{"line":69,"column":8}},"32":{"start":{"line":70,"column":6},"end":{"line":70,"column":41}},"33":{"start":{"line":70,"column":14},"end":{"line":70,"column":41}},"34":{"start":{"line":73,"column":24},"end":{"line":86,"column":6}},"35":{"start":{"line":87,"column":4},"end":{"line":87,"column":80}},"36":{"start":{"line":91,"column":0},"end":{"line":135,"column":3}},"37":{"start":{"line":91,"column":63},"end":{"line":135,"column":2}},"38":{"start":{"line":92,"column":17},"end":{"line":92,"column":27}},"39":{"start":{"line":104,"column":6},"end":{"line":104,"column":14}},"40":{"start":{"line":107,"column":21},"end":{"line":107,"column":33}},"41":{"start":{"line":108,"column":2},"end":{"line":113,"column":3}},"42":{"start":{"line":109,"column":15},"end":{"line":111,"column":6}},"43":{"start":{"line":112,"column":4},"end":{"line":112,"column":39}},"44":{"start":{"line":112,"column":12},"end":{"line":112,"column":39}},"45":{"start":{"line":115,"column":2},"end":{"line":134,"column":3}},"46":{"start":{"line":116,"column":28},"end":{"line":130,"column":6}},"47":{"start":{"line":131,"column":4},"end":{"line":131,"column":73}},"48":{"start":{"line":133,"column":4},"end":{"line":133,"column":65}},"49":{"start":{"line":137,"column":0},"end":{"line":141,"column":3}},"50":{"start":{"line":137,"column":66},"end":{"line":141,"column":2}},"51":{"start":{"line":138,"column":13},"end":{"line":138,"column":46}},"52":{"start":{"line":139,"column":2},"end":{"line":139,"column":62}},"53":{"start":{"line":140,"column":2},"end":{"line":140,"column":44}},"54":{"start":{"line":144,"column":0},"end":{"line":144,"column":28}},"55":{"start":{"line":145,"column":0},"end":{"line":145,"column":53}},"56":{"start":{"line":146,"column":15},"end":{"line":146,"column":58}},"57":{"start":{"line":148,"column":0},"end":{"line":164,"column":3}},"58":{"start":{"line":148,"column":64},"end":{"line":164,"column":2}},"59":{"start":{"line":149,"column":20},"end":{"line":149,"column":52}},"60":{"start":{"line":150,"column":14},"end":{"line":159,"column":null}},"61":{"start":{"line":151,"column":25},"end":{"line":159,"column":7}},"62":{"start":{"line":161,"column":2},"end":{"line":161,"column":41}},"63":{"start":{"line":162,"column":2},"end":{"line":162,"column":34}},"64":{"start":{"line":163,"column":2},"end":{"line":163,"column":16}},"65":{"start":{"line":166,"column":0},"end":{"line":231,"column":2}},"66":{"start":{"line":170,"column":40},"end":{"line":230,"column":null}},"67":{"start":{"line":171,"column":4},"end":{"line":174,"column":5}},"68":{"start":{"line":172,"column":6},"end":{"line":172,"column":58}},"69":{"start":{"line":173,"column":6},"end":{"line":173,"column":13}},"70":{"start":{"line":176,"column":4},"end":{"line":229,"column":5}},"71":{"start":{"line":177,"column":19},"end":{"line":177,"column":50}},"72":{"start":{"line":178,"column":6},"end":{"line":178,"column":59}},"73":{"start":{"line":180,"column":6},"end":{"line":223,"column":7}},"74":{"start":{"line":182,"column":8},"end":{"line":182,"column":40}},"75":{"start":{"line":182,"column":31},"end":{"line":182,"column":40}},"76":{"start":{"line":184,"column":26},"end":{"line":199,"column":10}},"77":{"start":{"line":201,"column":8},"end":{"line":204,"column":9}},"78":{"start":{"line":202,"column":23},"end":{"line":202,"column":51}},"79":{"start":{"line":203,"column":10},"end":{"line":203,"column":65}},"80":{"start":{"line":203,"column":38},"end":{"line":203,"column":65}},"81":{"start":{"line":208,"column":25},"end":{"line":213,"column":10}},"82":{"start":{"line":215,"column":8},"end":{"line":222,"column":9}},"83":{"start":{"line":216,"column":10},"end":{"line":219,"column":13}},"84":{"start":{"line":221,"column":10},"end":{"line":221,"column":49}},"85":{"start":{"line":225,"column":6},"end":{"line":225,"column":65}},"86":{"start":{"line":227,"column":6},"end":{"line":227,"column":46}},"87":{"start":{"line":228,"column":6},"end":{"line":228,"column":68}},"88":{"start":{"li
[...]
,"C:\\Users\\theoh\\project\\print_tracker\\backend\\routes\\printers.ts": {"path":"C:\\Users\\theoh\\project\\print_tracker\\backend\\routes\\printers.ts","statementMap":{"0":{"start":{"line":1,"column":0},"end":{"line":1,"column":53}},"1":{"start":{"line":2,"column":0},"end":{"line":2,"column":37}},"2":{"start":{"line":3,"column":0},"end":{"line":3,"column":46}},"3":{"start":{"line":4,"column":0},"end":{"line":4,"column":38}},"4":{"start":{"line":5,"column":0},"end":{"line":5,"column":60}},"5":{"start":{"line":7,"column":15},"end":{"line":7,"column":31}},"6":{"start":{"line":9,"column":0},"end":{"line":37,"column":3}},"7":{"start":{"line":9,"column":54},"end":{"line":37,"column":2}},"8":{"start":{"line":11,"column":19},"end":{"line":11,"column":28}},"9":{"start":{"line":12,"column":21},"end":{"line":12,"column":23}},"10":{"start":{"line":13,"column":2},"end":{"line":13,"column":47}},"11":{"start":{"line":13,"column":12},"end":{"line":13,"column":47}},"12":{"start":{"line":15,"column":19},"end":{"line":35,"column":4}},"13":{"start":{"line":36,"column":2},"end":{"line":36,"column":21}},"14":{"start":{"line":40,"column":0},"end":{"line":57,"column":3}},"15":{"start":{"line":40,"column":69},"end":{"line":57,"column":2}},"16":{"start":{"line":41,"column":19},"end":{"line":41,"column":50}},"17":{"start":{"line":43,"column":14},"end":{"line":54,"column":4}},"18":{"start":{"line":45,"column":4},"end":{"line":47,"column":5}},"19":{"start":{"line":46,"column":6},"end":{"line":46,"column":18}},"20":{"start":{"line":49,"column":4},"end":{"line":52,"column":5}},"21":{"start":{"line":51,"column":6},"end":{"line":51,"column":69}},"22":{"start":{"line":53,"column":4},"end":{"line":53,"column":17}},"23":{"start":{"line":56,"column":2},"end":{"line":56,"column":16}},"24":{"start":{"line":59,"column":0},"end":{"line":69,"column":3}},"25":{"start":{"line":59,"column":57},"end":{"line":69,"column":2}},"26":{"start":{"line":60,"column":17},"end":{"line":60,"column":27}},"27":{"start":{"line":61,"column":18},"end":{"line":63,"column":4}},"28":{"start":{"line":64,"column":2},"end":{"line":67,"column":3}},"29":{"start":{"line":65,"column":4},"end":{"line":65,"column":57}},"30":{"start":{"line":66,"column":4},"end":{"line":66,"column":11}},"31":{"start":{"line":68,"column":2},"end":{"line":68,"column":20}},"32":{"start":{"line":71,"column":0},"end":{"line":102,"column":2}},"33":{"start":{"line":75,"column":40},"end":{"line":101,"column":null}},"34":{"start":{"line":86,"column":8},"end":{"line":86,"column":16}},"35":{"start":{"line":87,"column":23},"end":{"line":99,"column":6}},"36":{"start":{"line":100,"column":4},"end":{"line":100,"column":76}},"37":{"start":{"line":104,"column":0},"end":{"line":136,"column":3}},"38":{"start":{"line":104,"column":63},"end":{"line":136,"column":2}},"39":{"start":{"line":105,"column":17},"end":{"line":105,"column":27}},"40":{"start":{"line":116,"column":6},"end":{"line":116,"column":14}},"41":{"start":{"line":117,"column":2},"end":{"line":135,"column":3}},"42":{"start":{"line":118,"column":27},"end":{"line":131,"column":6}},"43":{"start":{"line":132,"column":4},"end":{"line":132,"column":70}},"44":{"start":{"line":134,"column":4},"end":{"line":134,"column":64}},"45":{"start":{"line":139,"column":0},"end":{"line":168,"column":3}},"46":{"start":{"line":139,"column":76},"end":{"line":168,"column":2}},"47":{"start":{"line":140,"column":17},"end":{"line":140,"column":27}},"48":{"start":{"line":141,"column":18},"end":{"line":143,"column":4}},"49":{"start":{"line":144,"column":2},"end":{"line":147,"column":3}},"50":{"start":{"line":145,"column":4},"end":{"line":145,"column":57}},"51":{"start":{"line":146,"column":4},"end":{"line":146,"column":11}},"52":{"start":{"line":149,"column":14},"end":{"line":149,"column":24}},"53":{"start":{"line":150,"column":30},"end":{"line":150,"column":34}},"54":{"start":{"line":151,"column":2},"end":{"line":156,"column":3}},"55":{"start":{"line":153,"column":26},"end":{"line":153,"column":73}},"56":{"start":{"line":154,"column":4},"end":{"line":154,"column":29}},"57":{"start":{"line":155,"column":4},"end":{"line":155,"column":57}},"58":{"start":{"line":158,"column":2},"end":{"line":165,"column":5}},"59":{"start":{"line":167,"column":2},"end":{"line":167,"column":48}},"60":{"start":{"line":171,"column":0},"end":{"line":222,"column":3}},"61":{"start":{"line":171,"column":71},"end":{"line":222,"column":2}},"62":{"start":{"line":172,"column":17},"end":{"line":172,"column":27}},"63":{"start":{"line":173,"column":22},"end":{"line":173,"column":30}},"64":{"start":{"line":176,"column":2},"end":{"line":180,"column":3}},"65":{"start":{"line":177,"column":4},"end":{"line":177,"column":56}},"66":{"start":{"line":178,"column":4},"end":{"line":178,"column":64}},"67":{"start":{"line":179,"column":4},"end":{"line":179,"column":11}},"68":{"start":{"line":182,"column":2},"end":{"line":182,"column":77}},"69":{"start":{"line":184,"column":20},"end":{"line":184,"column":42}},"70":{"start":{"line":186,"column":2},"end":{"line":200,"column":3}},"71":{"start":{"line":188,"column":4},"end":{"line":199,"column":5}},"72":{"start":{"line":194,"column":6},"end":{"line":194,"column":68}},"73":{"start":{"line":195,"column":6},"end":{"line":197,"column":76}},"74":{"start":{"line":198,"column":6},"end":{"line":198,"column":13}},"75":{"start":{"line":202,"column":2},"end":{"line":219,"column":3}},"76":{"start":{"line":203,"column":4},"end":{"line":218,"column":7}},"77":{"start":{"line":221,"column":2},"end":{"line":221,"column":48}},"78":{"start":{"line":224,"column":0},"end":{"line":232,"column":3}},"79":{"start":{"line":224,"column":66},"end":{"line":232,"column":2}},"80":{"start":{"line":225,"column":17},"end":{"line":225,"column":27}},"81":{"start":{"line":226,"column":2},"end":{"line":230,"column":5}},"82":{"start":{"line":231,"column":2},"end":{"line":231,"column":43}},"83":{"start":{"line":234,"column":0},"end":{"line":234,"column":22}}},"fnMap":{"0":{"name":"(anonymous_8)","decl":{"start":{"line":9,"column":16},"end":{"line":9,"column":23}},"loc":{"start":{"line":9,"column":54},"end":{"line":37,"column":2}}},"1":{"name":"(anonymous_9)","decl":{"start":{"line":9,"column":54},"end":{"line":9,"column":null}},"loc":{"start":{"line":9,"column":54},"end":{"line":37,"column":1}}},"2":{"name":"(anonymous_10)","decl":{"start":{"line":40,"column":31},"end":{"line":40,"column":38}},"loc":{"start":{"line":40,"column":69},"end":{"line":57,"column":2}}},"3":{"name":"(anonymous_11)","decl":{"start":{"line":40,"column":69},"end":{"line":40,"column":null}},"loc":{"start":{"line":40,"column":69},"end":{"line":57,"column":1}}},"4":{"name":"(anonymous_12)","decl":{"start":{"line":43,"column":30},"end":{"line":43,"column":31}},"loc":{"start":{"line":43,"column":36},"end":{"line":54,"column":3}}},"5":{"name":"(anonymous_13)","decl":{"start":{"line":59,"column":19},"end":{"line":59,"column":26}},"loc":{"start":{"line":59,"column":57},"end":{"line":69,"column":2}}},"6":{"name":"(anonymous_14)","decl":{"start":{"line":59,"column":57},"end":{"line":59,"column":null}},"loc":{"start":{"line":59,"column":57},"end":{"line":69,"column":1}}},"7":{"name":"(anonymous_15)","decl":{"start":{"line":75,"column":2},"end":{"line":75,"column":9}},"loc":{"start":{"line":75,"column":40},"end":{"line":101,"column":null}}},"8":{"name":"(anonymous_16)","decl":{"start":{"line":75,"column":40},"end":{"line":75,"column":null}},"loc":{"start":{"line":75,"column":40},"end":{"line":101,"column":3}}},"9":{"name":"(anonymous_17)","decl":{"start":{"line":104,"column":25},"end":{"line":104,"column":32}},"loc":{"start":{"line":104,"column":63},"end":{"line":136,"column":2}}},"10":{"name":"(anonymous_18)","decl":{"start":{"line":104,"column":63},"end":{"line":104,"column":null}},"loc":{"start":{"line":104,"column":63},"end":{"line":136,"column":1}}},"11":{"name":"(anonymous_19)","decl":{"start":{"line":139,"column":38},"end":{"line":139,"column":45}},"loc":{"start":{"line":139,"column":76},"end":{"line":168,"column":2}}},"12":{"name":"(anonymous_20)","decl":{"start":{"line":139,"column":76},"end":{"line":139,"column":null}},"loc":{"start":{"line":139,"column":76},"end":{"line":168,"column":1}}},"13":{"name":"(anonymous_21)","decl":{"start":{"line":171,"column":33},"end":{"line":171,"column":40}},"loc":{"start":{"line":171,"column":71},"end":{"line":222,"column":2}}},"14":{"name":"(anonymous_22)","decl":{"start":{"line":171,"column":71},"end":{"line":171,"column":null}},"loc":{"start":{"line":171,"column":71},"end":{"line":222,"column":1}}},"15":{"name":"(anonymous_23)","decl":{"start":{"line":224,"column":28},"end":{"line":224,"column":35}},"loc":{"start":{"line":224,"column":66},"end":{"line":232,"column":2}}},"16":{"name":"(anonymous_24)","decl":{"start":{"line":224,"column":66},"end":{"line":224,"column":null}},"loc":{"start":{"line":224,"column":66},"end":{"line":232,"column":1}}}},"branchMap":{"0":{"loc":{"start":{"line":13,"column":2},"end":{"line":13,"column":47}},"type":"if","locations":[{"start":{"line":13,"column":2},"end":{"line":13,"column":47}},{"start":{},"end":{}}]},"1":{"loc":{"start":{"line":45,"column":4},"end":{"line":47,"column":5}},"type":"if","locations":[{"start":{"line":45,"column":4},"end":{"line":47,"column":5}},{"start":{},"end":{}}]},"2":{"loc":{"start":{"line":45,"column":8},"end":{"line":45,"column":70}},"type":"binary-expr","locations":[{"start":{"line":45,"column":8},"end":{"line":45,"column":25}},{"start":{"line":45,"column":29},"end":{"line":45,"column":70}}]},"3":{"loc":{"start":{"line":49,"column":4},"end":{"line":52,"column":5}},"type":"if","locations":[{"start":{"line":49,"column":4},"end":{"line":52,"column":5}},{"start":{},"end":{}}]},"4":{"loc":{"start":{"line":49,"column":8},"end":{"line":49,"column":76}},"type":"binary-expr","locations":[{"start":{"line":49,"column":8},"end":{"line":49,"column":34}},{"start":{"line":49,"column":38},"end":{"line":49,"column":55}},{"start":{"line":49,"column":59},"end":{"line":49,"column":76}}]},"5":{"loc":{"start":{"line":64,"column":2},"end":{"line":67,"column":3}},"type":"if","locations":[{"start":{"line":64,"column":2},"end":{"line":67,"column":3}},{"start":{},"end":{}}]},"6":{"loc":{"start":{"line":94,"column":25},"end":{"line":94,"column":75}},"type":"cond-expr","locations":[{"start":{"line":94,"column":43},"end":{"line":94,"column":68}},{"start":{"line":94,"column":71},"end":{"line":94,"column":75}}]},"7":{"loc":{"start":{"line":95,"column":25},"end":{"line":95,"column":75}},"type":"cond-expr","locations":[{"start":{"line":95,"column":43},"end":{"line":95,"column":68}},{"start":{"line":95,"column":71},"end":{"line":95,"column":75}}]},"8":{"loc":{"start":{"line":97,"column":25},"end":{"line":97,"column":45}},"type":"binary-expr","locations":[{"start":{"line":97,"column":25},"end":{"line":97,"column":40}},{"start":{"line":97,"column":44},"end":{"line":97,"column":45}}]},"9":{"loc":{"start":{"line":126,"column":25},"end":{"line":126,"column":75}},"type":"cond-expr","locations":[{"start":{"line":126,"column":43},"end":{"line":126,"column":68}},{"start":{"line":126,"column":71},"end":{"line":126,"column":75}}]},"10":{"loc":{"start":{"line":127,"column":25},"end":{"line":127,"column":75}},"type":"cond-expr","locations":[{"start":{"line":127,"column":43},"end":{"line":127,"column":68}},{"start":{"line":127,"column":71},"end":{"line":127,"column":75}}]},"11":{"loc":{"start":{"line":144,"column":2},"end":{"line":147,"column":3}},"type":"if","locations":[{"start":{"line":144,"column":2},"end":{"line":147,"column":3}},{"start":{},"end":{}}]},"12":{"loc":{"start":{"line":151,"column":2},"end":{"line":156,"column":3}},"type":"if","locations":[{"start":{"line":151,"column":2},"end":{"line":156,"column":3}},{"start":{},"end":{}}]},"13":{"loc":{"start":{"line":176,"column":2},"end":{"line":180,"column":3}},"type":"if","locations":[{"start":{"line":176,"column":2},"end":{"line":180,"column":3}},{"start":{},"end":{}}]},"14":{"loc":{"start":{"line":188,"column":4},"end":{"line":199,"column":5}},"type":"if","locations":[{"start":{"line":188,"column":4},"end":{"line":199,"column":5}},{"start":{},"end":{}}]},"15":{"loc":{"start":{"line":189,"column":6},"end":{"line":192,"column":26}},"type":"binary-expr","locations":[{"start":{"line":189,"column":6},"end":{"line":189,"column":39}},{"start":{"line":190,"column":6},"end":{"line":190,"column":26}},{"start":{"line":191,"column":6},"end":{"line":191,"column":39}},{"start":{"line":192,"column":6},"end":{"line":192,"column":26}}]},"16":{"loc":{"start":{"line":211,"column":28},"end":{"line":211,"column":49}},"type":"binary-expr","locations":[{"start":{"line":211,"column":28},"end":{"line":211,"column":41}},{"start":{"line":211,"column":45},"end":{"line":211,"column":49}}]},"17":{"loc":{"start":{"line":216,"column":20},"end":{"line":216,"column":41}},"type":"binary-expr","locations":[{"start":{"line":216,"column":20},"end":{"line":216,"column":33}},{"start":{"line":216,"column":37},"end":{"line":216,"column":41}}]}},"s":{"0":1,"1":1,"2":1,"3":1,"4":1,"5":1,"6":1,"7":1,"8":1,"9":1,"10":1,"11":0,"12":1,"13":1,"14":1,"15":1,"16":1,"17":1,"18":1,"19":1,"20":0,"21":0,"22":0,"23":1,"24":1,"25":0,"26":0,"27":0,"28":0,"29":0,"30":0,"31":0,"32":1,"33":1,"34":1,"35":1,"36":1,"37":1,"38":1,"39":1,"40":1,"41":1,"42":1,"43":1,"44":0,"45":1,"46":0,"47":0,"48":0,"49":0,"50":0,"51":0,"52":0,"53":0,"54":0,"55":0,"56":0,"57":0,"58":0,"59":0,"60":1,"61":0,"62":0,"63":0,"64":0,"65":0,"66":0,"67":0,"68":0,"69":0,"70":0,"71":0,"72":0,"73":0,"74":0,"75":0,"76":0,"77":0,"78":1,"79":1,"80":1,"81":1,"82":1,"83":1},"f":{"0":1,"1":1,"2":1,"3":1,"4":1,"5":0,"6":0,"7":1,"8":1,"9":1,"10":1,"11":0,"12":0,"13":0,"14":0,"15":1,"16":1},"b":{"0":[0,1],"1":[1,0],"2":[1,1],"3":[0,0],"4":[0,0,0],"5":[0,0],"6":[0,1],"7":[0,1],"8":[1,1],"9":[0,1],"10":[0,1],"11":[0,0],"12":[0,0],"13":[0,0],"14":[0,0],"15":[0,0,0,0],"16":[0,0],"17":[0,0]}}
,"C:\\Users\\theoh\\project\\print_tracker\\backend\\routes\\users.ts": {"path":"C:\\Users\\theoh\\project\\print_tracker\\backend\\routes\\users.ts","statementMap":{"0":{"start":{"line":1,"column":0},"end":{"line":1,"column":53}},"1":{"start":{"line":2,"column":0},"end":{"line":2,"column":37}},"2":{"start":{"line":4,"column":15},"end":{"line":4,"column":31}},"3":{"start":{"line":6,"column":0},"end":{"line":14,"column":3}},"4":{"start":{"line":6,"column":54},"end":{"line":14,"column":2}},"5":{"start":{"line":7,"column":16},"end":{"line":12,"column":4}},"6":{"start":{"line":13,"column":2},"end":{"line":13,"column":18}},"7":{"start":{"line":16,"column":0},"end":{"line":16,"column":22}}},"fnMap":{"0":{"name":"(anonymous_8)","decl":{"start":{"line":6,"column":16},"end":{"line":6,"column":23}},"loc":{"start":{"line":6,"column":54},"end":{"line":14,"column":2}}},"1":{"name":"(anonymous_9)","decl":{"start":{"line":6,"column":54},"end":{"line":6,"column":null}},"loc":{"start":{"line":6,"column":54},"end":{"line":14,"column":1}}}},"branchMap":{},"s":{"0":1,"1":1,"2":1,"3":1,"4":1,"5":1,"6":1,"7":1},"f":{"0":1,"1":1},"b":{}}
,"C:\\Users\\theoh\\project\\print_tracker\\backend\\utils\\csv.ts": {"path":"C:\\Users\\theoh\\project\\print_tracker\\backend\\utils\\csv.ts","statementMap":{"0":{"start":{"line":1,"column":0},"end":{"line":1,"column":32}},"1":{"start":{"line":2,"column":0},"end":{"line":2,"column":34}},"2":{"start":{"line":4,"column":24},"end":{"line":14,"column":2}},"3":{"start":{"line":4,"column":65},"end":{"line":14,"column":2}},"4":{"start":{"line":5,"column":17},"end":{"line":5,"column":49}},"5":{"start":{"line":6,"column":2},"end":{"line":13,"column":5}},"6":{"start":{"line":7,"column":24},"end":{"line":7,"column":26}},"7":{"start":{"line":8,"column":4},"end":{"line":12,"column":38}},"8":{"start":{"line":10,"column":30},"end":{"line":10,"column":43}},"9":{"start":{"line":11,"column":27},"end":{"line":11,"column":41}},"10":{"start":{"line":12,"column":23},"end":{"line":12,"column":36}},"11":{"start":{"line":4,"column":13},"end":{"line":4,"column":24}},"12":{"start":{"line":16,"column":27},"end":{"line":23,"column":1}},"13":{"start":{"line":17,"column":2},"end":{"line":22,"column":5}},"14":{"start":{"line":18,"column":4},"end":{"line":21,"column":35}},"15":{"start":{"line":20,"column":24},"end":{"line":20,"column":39}},"16":{"start":{"line":21,"column":22},"end":{"line":21,"column":33}},"17":{"start":{"line":16,"column":13},"end":{"line":16,"column":27}}},"fnMap":{"0":{"name":"(anonymous_16)","decl":{"start":{"line":4,"column":24},"end":{"line":4,"column":31}},"loc":{"start":{"line":4,"column":65},"end":{"line":14,"column":2}}},"1":{"name":"(anonymous_17)","decl":{"start":{"line":4,"column":65},"end":{"line":4,"column":null}},"loc":{"start":{"line":4,"column":65},"end":{"line":14,"column":1}}},"2":{"name":"(anonymous_18)","decl":{"start":{"line":6,"column":21},"end":{"line":6,"column":22}},"loc":{"start":{"line":6,"column":41},"end":{"line":13,"column":3}}},"3":{"name":"(anonymous_19)","decl":{"start":{"line":10,"column":19},"end":{"line":10,"column":20}},"loc":{"start":{"line":10,"column":30},"end":{"line":10,"column":43}}},"4":{"name":"(anonymous_20)","decl":{"start":{"line":11,"column":18},"end":{"line":11,"column":19}},"loc":{"start":{"line":11,"column":27},"end":{"line":11,"column":41}}},"5":{"name":"(anonymous_21)","decl":{"start":{"line":12,"column":17},"end":{"line":12,"column":20}},"loc":{"start":{"line":12,"column":23},"end":{"line":12,"column":36}}},"6":{"name":"(anonymous_22)","decl":{"start":{"line":16,"column":27},"end":{"line":16,"column":28}},"loc":{"start":{"line":16,"column":60},"end":{"line":23,"column":1}}},"7":{"name":"(anonymous_23)","decl":{"start":{"line":17,"column":21},"end":{"line":17,"column":22}},"loc":{"start":{"line":17,"column":41},"end":{"line":22,"column":3}}},"8":{"name":"(anonymous_24)","decl":{"start":{"line":20,"column":12},"end":{"line":20,"column":13}},"loc":{"start":{"line":20,"column":24},"end":{"line":20,"column":39}}},"9":{"name":"(anonymous_25)","decl":{"start":{"line":21,"column":13},"end":{"line":21,"column":14}},"loc":{"start":{"line":21,"column":22},"end":{"line":21,"column":33}}}},"branchMap":{},"s":{"0":1,"1":1,"2":1,"3":0,"4":0,"5":0,"6":0,"7":0,"8":0,"9":0,"10":0,"11":1,"12":1,"13":2,"14":2,"15":2,"16":0,"17":1},"f":{"0":0,"1":0,"2":0,"3":0,"4":0,"5":0,"6":2,"7":2,"8":2,"9":0},"b":{}}
,"C:\\Users\\theoh\\project\\print_tracker\\backend\\validators\\schemas.ts": {"path":"C:\\Users\\theoh\\project\\print_tracker\\backend\\validators\\schemas.ts","statementMap":{"0":{"start":{"line":1,"column":0},"end":{"line":1,"column":24}},"1":{"start":{"line":3,"column":13},"end":{"line":21,"column":3}},"2":{"start":{"line":23,"column":13},"end":{"line":26,"column":3}},"3":{"start":{"line":28,"column":13},"end":{"line":35,"column":3}},"4":{"start":{"line":37,"column":13},"end":{"line":47,"column":3}},"5":{"start":{"line":49,"column":13},"end":{"line":60,"column":3}},"6":{"start":{"line":62,"column":13},"end":{"line":68,"column":3}}},"fnMap":{},"branchMap":{},"s":{"0":2,"1":2,"2":2,"3":2,"4":2,"5":2,"6":2},"f":{},"b":{}}
}
