TN:
SF:middleware\auth.ts
FN:8,default_1
FNF:1
FNH:1
FNDA:3,default_1
DA:2,1
DA:8,1
DA:9,3
DA:10,3
DA:11,1
DA:12,1
DA:15,2
DA:16,2
DA:17,1
DA:18,1
DA:20,1
LF:11
LH:11
BRDA:9,0,0,1
BRDA:9,0,1,2
BRDA:9,1,0,3
BRDA:9,1,1,2
BRDA:10,2,0,1
BRDA:10,2,1,2
BRF:6
BRH:6
end_of_record
TN:
SF:middleware\validate.ts
FN:5,(anonymous_0)
FN:5,(anonymous_1)
FNF:2
FNH:2
FNDA:9,(anonymous_0)
FNDA:9,(anonymous_1)
DA:5,9
DA:6,9
DA:7,9
DA:8,9
DA:10,0
DA:14,3
LF:6
LH:5
BRF:0
BRH:0
end_of_record
TN:
SF:routes\analytics.ts
FN:6,(anonymous_8)
FN:6,(anonymous_9)
FN:15,(anonymous_10)
FN:26,(anonymous_11)
FN:26,(anonymous_12)
FN:34,(anonymous_13)
FN:46,(anonymous_14)
FN:46,(anonymous_15)
FN:61,(anonymous_16)
FN:78,(anonymous_17)
FN:78,(anonymous_18)
FN:90,(anonymous_19)
FNF:12
FNH:3
FNDA:1,(anonymous_8)
FNDA:1,(anonymous_9)
FNDA:1,(anonymous_10)
FNDA:0,(anonymous_11)
FNDA:0,(anonymous_12)
FNDA:0,(anonymous_13)
FNDA:0,(anonymous_14)
FNDA:0,(anonymous_15)
FNDA:0,(anonymous_16)
FNDA:0,(anonymous_17)
FNDA:0,(anonymous_18)
FNDA:0,(anonymous_19)
DA:1,1
DA:2,1
DA:4,1
DA:6,1
DA:7,1
DA:8,1
DA:15,1
DA:19,1
DA:21,0
DA:22,0
DA:26,1
DA:27,0
DA:28,0
DA:34,0
DA:38,0
DA:40,0
DA:41,0
DA:46,1
DA:47,0
DA:48,0
DA:61,0
DA:70,0
DA:72,0
DA:73,0
DA:78,1
DA:79,0
DA:80,0
DA:90,0
DA:96,0
DA:98,0
DA:99,0
DA:103,1
LF:32
LH:12
BRDA:64,0,0,0
BRDA:64,0,1,0
BRF:2
BRH:0
end_of_record
TN:
SF:routes\auth.ts
FN:24,(anonymous_8)
FN:24,(anonymous_9)
FN:69,(anonymous_10)
FN:69,(anonymous_11)
FNF:4
FNH:4
FNDA:1,(anonymous_8)
FNDA:1,(anonymous_9)
FNDA:2,(anonymous_10)
FNDA:2,(anonymous_11)
DA:1,1
DA:2,1
DA:3,1
DA:4,1
DA:5,1
DA:6,1
DA:8,1
DA:10,1
DA:16,1
DA:21,1
DA:24,1
DA:25,1
DA:28,1
DA:32,1
DA:33,0
DA:34,0
DA:38,1
DA:39,1
DA:42,1
DA:55,1
DA:62,1
DA:66,1
DA:69,2
DA:70,2
DA:73,2
DA:77,2
DA:78,0
DA:79,0
DA:83,2
DA:84,2
DA:85,1
DA:86,1
DA:90,1
DA:97,1
DA:106,1
LF:35
LH:31
BRDA:32,0,0,0
BRDA:32,0,1,1
BRDA:77,1,0,0
BRDA:77,1,1,2
BRDA:84,2,0,1
BRDA:84,2,1,1
BRF:6
BRH:4
end_of_record
TN:
SF:routes\clients.ts
FN:7,(anonymous_8)
FN:7,(anonymous_9)
FN:15,(anonymous_10)
FN:15,(anonymous_11)
FN:27,(anonymous_12)
FN:27,(anonymous_13)
FN:46,(anonymous_14)
FN:46,(anonymous_15)
FN:68,(anonymous_16)
FN:68,(anonymous_17)
FNF:10
FNH:10
FNDA:1,(anonymous_8)
FNDA:1,(anonymous_9)
FNDA:1,(anonymous_10)
FNDA:1,(anonymous_11)
FNDA:1,(anonymous_12)
FNDA:1,(anonymous_13)
FNDA:1,(anonymous_14)
FNDA:1,(anonymous_15)
FNDA:1,(anonymous_16)
FNDA:1,(anonymous_17)
DA:1,1
DA:2,1
DA:4,1
DA:7,1
DA:8,1
DA:11,1
DA:15,1
DA:16,1
DA:17,1
DA:20,1
DA:21,0
DA:23,1
DA:27,1
DA:28,1
DA:29,1
DA:30,0
DA:33,1
DA:42,1
DA:46,1
DA:47,1
DA:48,1
DA:50,1
DA:51,1
DA:61,1
DA:63,0
DA:68,1
DA:69,1
DA:70,1
DA:71,1
DA:74,1
DA:76,0
DA:80,1
LF:32
LH:28
BRDA:20,0,0,0
BRDA:20,0,1,1
BRDA:29,1,0,0
BRDA:29,1,1,1
BRF:4
BRH:2
end_of_record
TN:
SF:routes\jobs.ts
FN:17,(anonymous_8)
FN:18,(anonymous_9)
FN:28,(anonymous_10)
FN:36,(anonymous_11)
FN:36,(anonymous_12)
FN:53,(anonymous_13)
FN:59,(anonymous_14)
FN:79,(anonymous_15)
FN:79,(anonymous_16)
FN:99,(anonymous_17)
FN:99,(anonymous_18)
FN:194,(anonymous_19)
FN:194,(anonymous_20)
FN:234,(anonymous_21)
FN:234,(anonymous_22)
FN:333,(anonymous_23)
FN:333,(anonymous_24)
FN:402,(anonymous_25)
FN:408,(anonymous_26)
FN:416,(anonymous_27)
FN:434,(anonymous_28)
FN:434,(anonymous_29)
FN:460,(anonymous_30)
FN:460,(anonymous_31)
FN:476,(anonymous_32)
FN:476,(anonymous_33)
FN:486,(anonymous_34)
FN:486,(anonymous_35)
FN:498,(anonymous_36)
FN:526,(anonymous_37)
FN:526,(anonymous_38)
FN:617,(anonymous_39)
FN:617,(anonymous_40)
FNF:33
FNH:23
FNDA:0,(anonymous_8)
FNDA:0,(anonymous_9)
FNDA:0,(anonymous_10)
FNDA:1,(anonymous_11)
FNDA:1,(anonymous_12)
FNDA:1,(anonymous_13)
FNDA:0,(anonymous_14)
FNDA:1,(anonymous_15)
FNDA:1,(anonymous_16)
FNDA:2,(anonymous_17)
FNDA:2,(anonymous_18)
FNDA:1,(anonymous_19)
FNDA:1,(anonymous_20)
FNDA:7,(anonymous_21)
FNDA:7,(anonymous_22)
FNDA:2,(anonymous_23)
FNDA:2,(anonymous_24)
FNDA:0,(anonymous_25)
FNDA:0,(anonymous_26)
FNDA:0,(anonymous_27)
FNDA:1,(anonymous_28)
FNDA:1,(anonymous_29)
FNDA:2,(anonymous_30)
FNDA:2,(anonymous_31)
FNDA:1,(anonymous_32)
FNDA:1,(anonymous_33)
FNDA:1,(anonymous_34)
FNDA:1,(anonymous_35)
FNDA:0,(anonymous_36)
FNDA:2,(anonymous_37)
FNDA:2,(anonymous_38)
FNDA:0,(anonymous_39)
FNDA:0,(anonymous_40)
DA:1,2
DA:2,2
DA:3,2
DA:4,2
DA:5,2
DA:6,2
DA:7,2
DA:8,2
DA:10,2
DA:13,2
DA:14,2
DA:16,2
DA:17,0
DA:20,0
DA:21,0
DA:25,2
DA:29,0
DA:30,0
DA:31,0
DA:36,2
DA:37,1
DA:53,1
DA:59,0
DA:75,1
DA:79,2
DA:80,1
DA:91,1
DA:95,2
DA:99,2
DA:111,2
DA:114,2
DA:130,2
DA:131,2
DA:132,2
DA:137,2
DA:138,1
DA:141,1
DA:155,2
DA:156,0
DA:162,0
DA:166,2
DA:167,2
DA:168,2
DA:171,1
DA:172,1
DA:174,1
DA:175,1
DA:181,1
DA:185,2
DA:190,2
DA:194,1
DA:195,1
DA:208,1
DA:210,1
DA:211,1
DA:212,1
DA:213,1
DA:214,1
DA:215,1
DA:216,1
DA:217,1
DA:218,1
DA:219,1
DA:220,0
DA:221,1
DA:222,0
DA:223,1
DA:225,1
DA:229,1
DA:234,7
DA:235,7
DA:236,7
DA:239,7
DA:244,7
DA:245,1
DA:246,1
DA:249,6
DA:250,1
DA:251,1
DA:254,5
DA:255,5
DA:256,5
DA:259,5
DA:274,4
DA:276,4
DA:280,4
DA:282,3
DA:296,3
DA:297,3
DA:298,6
DA:299,5
DA:301,4
DA:304,4
DA:306,4
DA:313,4
DA:320,4
DA:325,4
DA:327,1
DA:328,1
DA:333,2
DA:334,2
DA:335,2
DA:359,1
DA:361,1
DA:362,0
DA:363,0
DA:364,0
DA:370,0
DA:373,0
DA:386,1
DA:392,1
DA:393,1
DA:394,0
DA:395,0
DA:396,0
DA:401,1
DA:402,0
DA:408,0
DA:416,0
DA:424,1
DA:425,1
DA:430,2
DA:434,1
DA:435,1
DA:436,1
DA:438,1
DA:439,0
DA:440,0
DA:443,1
DA:452,1
DA:457,2
DA:460,2
DA:461,2
DA:462,2
DA:465,2
DA:467,1
DA:468,1
DA:469,1
DA:471,2
DA:476,2
DA:477,1
DA:478,1
DA:479,1
DA:483,2
DA:484,2
DA:486,2
DA:487,1
DA:497,1
DA:498,0
DA:517,1
DA:518,1
DA:519,1
DA:522,2
DA:526,2
DA:527,2
DA:528,0
DA:529,0
DA:532,2
DA:533,2
DA:534,2
DA:536,2
DA:537,5
DA:542,4
DA:544,4
DA:545,3
DA:548,3
DA:558,2
DA:561,2
DA:565,4
DA:566,3
DA:569,3
DA:572,4
DA:573,1
DA:576,1
DA:579,4
DA:580,3
DA:583,3
DA:586,1
DA:605,1
DA:608,2
DA:610,0
DA:611,0
DA:617,2
DA:618,0
DA:619,0
DA:622,0
DA:625,2
LF:187
LH:155
BRDA:14,0,0,1
BRDA:14,0,1,1
BRDA:29,1,0,0
BRDA:29,1,1,0
BRDA:55,2,0,1
BRDA:55,2,1,0
BRDA:55,3,0,1
BRDA:55,3,1,1
BRDA:56,4,0,1
BRDA:56,4,1,0
BRDA:56,5,0,1
BRDA:56,5,1,1
BRDA:57,6,0,1
BRDA:57,6,1,0
BRDA:57,7,0,1
BRDA:57,7,1,1
BRDA:58,8,0,1
BRDA:58,8,1,0
BRDA:58,9,0,1
BRDA:58,9,1,1
BRDA:61,10,0,0
BRDA:61,10,1,0
BRDA:61,11,0,0
BRDA:61,11,1,0
BRDA:67,12,0,1
BRDA:67,12,1,0
BRDA:67,13,0,1
BRDA:67,13,1,1
BRDA:68,14,0,1
BRDA:68,14,1,0
BRDA:68,15,0,1
BRDA:68,15,1,1
BRDA:120,16,0,2
BRDA:120,16,1,2
BRDA:121,17,0,2
BRDA:121,17,1,0
BRDA:122,18,0,2
BRDA:122,18,1,2
BRDA:123,19,0,0
BRDA:123,19,1,2
BRDA:124,20,0,2
BRDA:124,20,1,0
BRDA:125,21,0,2
BRDA:125,21,1,2
BRDA:155,22,0,0
BRDA:155,22,1,2
BRDA:166,23,0,2
BRDA:166,23,1,0
BRDA:166,24,0,2
BRDA:166,24,1,2
BRDA:171,25,0,1
BRDA:171,25,1,0
BRDA:174,26,0,1
BRDA:174,26,1,0
BRDA:211,27,0,0
BRDA:211,27,1,1
BRDA:212,28,0,0
BRDA:212,28,1,1
BRDA:213,29,0,0
BRDA:213,29,1,1
BRDA:214,30,0,0
BRDA:214,30,1,1
BRDA:215,31,0,1
BRDA:215,31,1,0
BRDA:216,32,0,0
BRDA:216,32,1,1
BRDA:217,33,0,0
BRDA:217,33,1,1
BRDA:218,34,0,0
BRDA:218,34,1,1
BRDA:219,35,0,0
BRDA:219,35,1,1
BRDA:220,36,0,0
BRDA:220,36,1,0
BRDA:221,37,0,0
BRDA:221,37,1,1
BRDA:223,38,0,0
BRDA:223,38,1,1
BRDA:244,39,0,1
BRDA:244,39,1,6
BRDA:249,40,0,1
BRDA:249,40,1,5
BRDA:268,41,0,0
BRDA:268,41,1,5
BRDA:269,42,0,0
BRDA:269,42,1,5
BRDA:274,43,0,4
BRDA:274,43,1,0
BRDA:280,44,0,3
BRDA:280,44,1,1
BRDA:298,45,0,1
BRDA:298,45,1,5
BRDA:299,46,0,1
BRDA:299,46,1,4
BRDA:299,47,0,5
BRDA:299,47,1,4
BRDA:302,48,0,4
BRDA:302,48,1,0
BRDA:363,49,0,0
BRDA:363,49,1,0
BRDA:365,50,0,0
BRDA:365,50,1,0
BRDA:365,51,0,0
BRDA:365,51,1,0
BRDA:365,52,0,0
BRDA:365,52,1,0
BRDA:378,53,0,0
BRDA:378,53,1,0
BRDA:378,54,0,0
BRDA:378,54,1,0
BRDA:379,55,0,0
BRDA:379,55,1,0
BRDA:379,56,0,0
BRDA:379,56,1,0
BRDA:394,57,0,0
BRDA:394,57,1,0
BRDA:397,58,0,0
BRDA:397,58,1,0
BRDA:397,59,0,0
BRDA:397,59,1,0
BRDA:405,60,0,0
BRDA:405,60,1,0
BRDA:406,61,0,0
BRDA:406,61,1,0
BRDA:413,62,0,0
BRDA:413,62,1,0
BRDA:413,63,0,0
BRDA:413,63,1,0
BRDA:414,64,0,0
BRDA:414,64,1,0
BRDA:414,65,0,0
BRDA:414,65,1,0
BRDA:415,66,0,0
BRDA:415,66,1,0
BRDA:415,67,0,0
BRDA:415,67,1,0
BRDA:418,68,0,0
BRDA:418,68,1,0
BRDA:418,69,0,0
BRDA:418,69,1,0
BRDA:438,70,0,0
BRDA:438,70,1,1
BRDA:447,71,0,1
BRDA:447,71,1,1
BRDA:448,72,0,1
BRDA:448,72,1,1
BRDA:465,73,0,1
BRDA:465,73,1,1
BRDA:468,74,0,1
BRDA:468,74,1,0
BRDA:501,75,0,0
BRDA:501,75,1,0
BRDA:501,76,0,0
BRDA:501,76,1,0
BRDA:502,77,0,0
BRDA:502,77,1,0
BRDA:502,78,0,0
BRDA:502,78,1,0
BRDA:503,79,0,0
BRDA:503,79,1,0
BRDA:503,80,0,0
BRDA:503,80,1,0
BRDA:504,81,0,0
BRDA:504,81,1,0
BRDA:504,82,0,0
BRDA:504,82,1,0
BRDA:506,83,0,0
BRDA:506,83,1,0
BRDA:510,84,0,0
BRDA:510,84,1,0
BRDA:510,85,0,0
BRDA:510,85,1,0
BRDA:511,86,0,0
BRDA:511,86,1,0
BRDA:511,87,0,0
BRDA:511,87,1,0
BRDA:512,88,0,0
BRDA:512,88,1,0
BRDA:512,89,0,0
BRDA:512,89,1,0
BRDA:527,90,0,0
BRDA:527,90,1,2
BRDA:537,91,0,1
BRDA:537,91,1,4
BRDA:544,92,0,3
BRDA:544,92,1,1
BRDA:548,93,0,1
BRDA:548,93,1,2
BRDA:561,94,0,2
BRDA:561,94,1,0
BRDA:561,95,0,2
BRDA:561,95,1,2
BRDA:565,96,0,3
BRDA:565,96,1,1
BRDA:569,97,0,1
BRDA:569,97,1,2
BRDA:572,98,0,1
BRDA:572,98,1,3
BRDA:576,99,0,1
BRDA:576,99,1,0
BRDA:579,100,0,3
BRDA:579,100,1,1
BRDA:579,101,0,4
BRDA:579,101,1,3
BRDA:591,102,0,0
BRDA:591,102,1,1
BRDA:592,103,0,0
BRDA:592,103,1,1
BRDA:593,104,0,1
BRDA:593,104,1,1
BRDA:594,105,0,0
BRDA:594,105,1,1
BRDA:597,106,0,0
BRDA:597,106,1,1
BRDA:598,107,0,0
BRDA:598,107,1,1
BRDA:601,108,0,1
BRDA:601,108,1,1
BRF:218
BRH:100
end_of_record
TN:
SF:routes\materialTypes.ts
FN:8,(anonymous_8)
FN:8,(anonymous_9)
FN:21,(anonymous_10)
FN:21,(anonymous_11)
FN:51,(anonymous_12)
FN:51,(anonymous_13)
FN:83,(anonymous_14)
FN:83,(anonymous_15)
FNF:8
FNH:8
FNDA:1,(anonymous_8)
FNDA:1,(anonymous_9)
FNDA:2,(anonymous_10)
FNDA:2,(anonymous_11)
FNDA:1,(anonymous_12)
FNDA:1,(anonymous_13)
FNDA:1,(anonymous_14)
FNDA:1,(anonymous_15)
DA:1,1
DA:2,1
DA:3,1
DA:5,1
DA:8,1
DA:9,1
DA:10,1
DA:13,1
DA:15,0
DA:16,0
DA:21,2
DA:22,2
DA:24,2
DA:25,0
DA:26,0
DA:29,2
DA:30,2
DA:37,1
DA:39,1
DA:40,1
DA:44,0
DA:45,0
DA:51,1
DA:52,1
DA:53,1
DA:55,1
DA:56,1
DA:69,1
DA:71,0
DA:72,0
DA:76,0
DA:77,0
DA:83,1
DA:84,1
DA:86,1
DA:87,1
DA:90,1
DA:92,0
DA:93,0
DA:98,0
DA:99,0
DA:104,1
LF:42
LH:28
BRDA:24,0,0,0
BRDA:24,0,1,2
BRDA:33,1,0,2
BRDA:33,1,1,2
BRDA:34,2,0,1
BRDA:34,2,1,1
BRDA:39,3,0,1
BRDA:39,3,1,0
BRDA:59,4,0,1
BRDA:59,4,1,0
BRDA:60,5,0,0
BRDA:60,5,1,1
BRDA:62,6,0,0
BRDA:62,6,1,1
BRDA:63,7,0,0
BRDA:63,7,1,0
BRDA:71,8,0,0
BRDA:71,8,1,0
BRDA:92,9,0,0
BRDA:92,9,1,0
BRF:20
BRH:9
end_of_record
TN:
SF:routes\materials.ts
FN:9,(anonymous_8)
FN:9,(anonymous_9)
FN:18,(anonymous_10)
FN:18,(anonymous_11)
FN:25,(anonymous_12)
FN:34,(anonymous_13)
FN:34,(anonymous_14)
FN:50,(anonymous_15)
FN:50,(anonymous_16)
FN:91,(anonymous_17)
FN:91,(anonymous_18)
FN:137,(anonymous_19)
FN:137,(anonymous_20)
FN:148,(anonymous_21)
FN:148,(anonymous_22)
FN:151,(anonymous_23)
FN:170,(anonymous_24)
FN:170,(anonymous_25)
FNF:18
FNH:15
FNDA:1,(anonymous_8)
FNDA:1,(anonymous_9)
FNDA:1,(anonymous_10)
FNDA:1,(anonymous_11)
FNDA:2,(anonymous_12)
FNDA:2,(anonymous_13)
FNDA:2,(anonymous_14)
FNDA:1,(anonymous_15)
FNDA:1,(anonymous_16)
FNDA:1,(anonymous_17)
FNDA:1,(anonymous_18)
FNDA:1,(anonymous_19)
FNDA:1,(anonymous_20)
FNDA:1,(anonymous_21)
FNDA:1,(anonymous_22)
FNDA:0,(anonymous_23)
FNDA:0,(anonymous_24)
FNDA:0,(anonymous_25)
DA:1,1
DA:2,1
DA:3,1
DA:4,1
DA:5,1
DA:7,1
DA:9,1
DA:10,1
DA:14,1
DA:18,1
DA:19,1
DA:25,1
DA:26,2
DA:27,0
DA:28,2
DA:31,1
DA:34,2
DA:35,2
DA:36,2
DA:39,2
DA:40,1
DA:41,1
DA:43,1
DA:46,1
DA:50,1
DA:62,1
DA:65,1
DA:66,1
DA:67,0
DA:70,0
DA:73,1
DA:87,1
DA:91,1
DA:92,1
DA:104,1
DA:107,1
DA:108,1
DA:109,0
DA:112,0
DA:115,1
DA:116,1
DA:131,1
DA:133,0
DA:137,1
DA:138,1
DA:139,1
DA:140,1
DA:144,1
DA:145,1
DA:146,1
DA:148,1
DA:149,1
DA:150,1
DA:151,0
DA:161,1
DA:162,1
DA:163,1
DA:166,1
DA:170,0
DA:171,0
DA:172,0
DA:173,0
DA:176,0
DA:177,0
DA:178,0
DA:180,0
DA:182,0
DA:184,0
DA:201,0
DA:202,0
DA:203,0
DA:208,0
DA:215,0
DA:216,0
DA:221,0
DA:225,0
DA:227,0
DA:228,0
DA:233,1
LF:79
LH:52
BRDA:26,0,0,0
BRDA:26,0,1,2
BRDA:26,1,0,2
BRDA:26,1,1,2
BRDA:39,2,0,1
BRDA:39,2,1,1
BRDA:66,3,0,0
BRDA:66,3,1,1
BRDA:70,4,0,0
BRDA:70,4,1,0
BRDA:78,5,0,0
BRDA:78,5,1,1
BRDA:82,6,0,0
BRDA:82,6,1,1
BRDA:108,7,0,0
BRDA:108,7,1,1
BRDA:112,8,0,0
BRDA:112,8,1,0
BRDA:122,9,0,0
BRDA:122,9,1,1
BRDA:126,10,0,0
BRDA:126,10,1,1
BRDA:153,11,0,0
BRDA:153,11,1,0
BRDA:153,12,0,0
BRDA:153,12,1,0
BRDA:154,13,0,0
BRDA:154,13,1,0
BRDA:154,14,0,0
BRDA:154,14,1,0
BRDA:155,15,0,0
BRDA:155,15,1,0
BRDA:155,16,0,0
BRDA:155,16,1,0
BRDA:156,17,0,0
BRDA:156,17,1,0
BRDA:171,18,0,0
BRDA:171,18,1,0
BRDA:182,19,0,0
BRDA:182,19,1,0
BRDA:186,20,0,0
BRDA:186,20,1,0
BRDA:187,21,0,0
BRDA:187,21,1,0
BRDA:188,22,0,0
BRDA:188,22,1,0
BRDA:191,23,0,0
BRDA:191,23,1,0
BRDA:194,24,0,0
BRDA:194,24,1,0
BRDA:197,25,0,0
BRDA:197,25,1,0
BRDA:198,26,0,0
BRDA:198,26,1,0
BRDA:201,27,0,0
BRDA:201,27,1,0
BRDA:203,28,0,0
BRDA:203,28,1,0
BRDA:211,29,0,0
BRDA:211,29,1,0
BRDA:215,30,0,0
BRDA:215,30,1,0
BRF:62
BRH:11
end_of_record
TN:
SF:routes\models.ts
FN:16,(anonymous_8)
FN:17,(anonymous_9)
FN:27,(anonymous_10)
FN:34,(anonymous_11)
FN:34,(anonymous_12)
FN:49,(anonymous_13)
FN:49,(anonymous_14)
FN:64,(anonymous_15)
FN:64,(anonymous_16)
FN:89,(anonymous_17)
FN:89,(anonymous_18)
FN:106,(anonymous_19)
FN:106,(anonymous_20)
FN:133,(anonymous_21)
FN:133,(anonymous_22)
FN:145,(anonymous_23)
FN:145,(anonymous_24)
FN:148,(anonymous_25)
FN:164,(anonymous_26)
FN:164,(anonymous_27)
FNF:20
FNH:12
FNDA:0,(anonymous_8)
FNDA:0,(anonymous_9)
FNDA:0,(anonymous_10)
FNDA:1,(anonymous_11)
FNDA:1,(anonymous_12)
FNDA:0,(anonymous_13)
FNDA:0,(anonymous_14)
FNDA:1,(anonymous_15)
FNDA:1,(anonymous_16)
FNDA:1,(anonymous_17)
FNDA:1,(anonymous_18)
FNDA:1,(anonymous_19)
FNDA:1,(anonymous_20)
FNDA:1,(anonymous_21)
FNDA:1,(anonymous_22)
FNDA:1,(anonymous_23)
FNDA:1,(anonymous_24)
FNDA:0,(anonymous_25)
FNDA:0,(anonymous_26)
FNDA:0,(anonymous_27)
DA:1,1
DA:2,1
DA:3,1
DA:4,1
DA:5,1
DA:6,1
DA:7,1
DA:8,1
DA:10,1
DA:12,1
DA:13,1
DA:15,1
DA:16,0
DA:19,0
DA:20,0
DA:24,1
DA:28,0
DA:29,0
DA:30,0
DA:34,1
DA:35,1
DA:46,1
DA:49,1
DA:50,0
DA:51,0
DA:57,0
DA:60,1
DA:64,1
DA:72,1
DA:74,1
DA:85,1
DA:89,1
DA:90,1
DA:91,1
DA:92,1
DA:99,1
DA:101,0
DA:102,0
DA:106,1
DA:107,1
DA:114,1
DA:116,1
DA:117,1
DA:127,1
DA:129,0
DA:133,1
DA:134,1
DA:135,1
DA:138,1
DA:142,1
DA:143,1
DA:145,1
DA:146,1
DA:147,1
DA:148,0
DA:155,1
DA:156,1
DA:157,1
DA:160,1
DA:164,0
DA:165,0
DA:166,0
DA:167,0
DA:170,0
DA:171,0
DA:172,0
DA:174,0
DA:175,0
DA:177,0
DA:189,0
DA:193,0
DA:194,0
DA:199,0
DA:203,0
DA:205,0
DA:206,0
DA:211,1
LF:77
LH:47
BRDA:13,0,0,0
BRDA:13,0,1,1
BRDA:28,1,0,0
BRDA:28,1,1,0
BRDA:77,2,0,1
BRDA:77,2,1,1
BRDA:78,3,0,1
BRDA:78,3,1,1
BRDA:79,4,0,1
BRDA:79,4,1,1
BRDA:80,5,0,1
BRDA:80,5,1,1
BRDA:81,6,0,1
BRDA:81,6,1,0
BRDA:121,7,0,1
BRDA:121,7,1,1
BRDA:122,8,0,1
BRDA:122,8,1,1
BRDA:123,9,0,1
BRDA:123,9,1,1
BRDA:124,10,0,0
BRDA:124,10,1,1
BRDA:150,11,0,0
BRDA:150,11,1,0
BRDA:150,12,0,0
BRDA:150,12,1,0
BRDA:151,13,0,0
BRDA:151,13,1,0
BRDA:151,14,0,0
BRDA:151,14,1,0
BRDA:152,15,0,0
BRDA:152,15,1,0
BRDA:152,16,0,0
BRDA:152,16,1,0
BRDA:165,17,0,0
BRDA:165,17,1,0
BRDA:175,18,0,0
BRDA:175,18,1,0
BRDA:179,19,0,0
BRDA:179,19,1,0
BRDA:182,20,0,0
BRDA:182,20,1,0
BRDA:183,21,0,0
BRDA:183,21,1,0
BRDA:193,22,0,0
BRDA:193,22,1,0
BRF:46
BRH:17
end_of_record
TN:
SF:routes\printers.ts
FN:9,(anonymous_8)
FN:9,(anonymous_9)
FN:40,(anonymous_10)
FN:40,(anonymous_11)
FN:43,(anonymous_12)
FN:59,(anonymous_13)
FN:59,(anonymous_14)
FN:75,(anonymous_15)
FN:75,(anonymous_16)
FN:104,(anonymous_17)
FN:104,(anonymous_18)
FN:139,(anonymous_19)
FN:139,(anonymous_20)
FN:171,(anonymous_21)
FN:171,(anonymous_22)
FN:224,(anonymous_23)
FN:224,(anonymous_24)
FNF:17
FNH:11
FNDA:1,(anonymous_8)
FNDA:1,(anonymous_9)
FNDA:1,(anonymous_10)
FNDA:1,(anonymous_11)
FNDA:1,(anonymous_12)
FNDA:0,(anonymous_13)
FNDA:0,(anonymous_14)
FNDA:1,(anonymous_15)
FNDA:1,(anonymous_16)
FNDA:1,(anonymous_17)
FNDA:1,(anonymous_18)
FNDA:0,(anonymous_19)
FNDA:0,(anonymous_20)
FNDA:0,(anonymous_21)
FNDA:0,(anonymous_22)
FNDA:1,(anonymous_23)
FNDA:1,(anonymous_24)
DA:1,1
DA:2,1
DA:3,1
DA:4,1
DA:5,1
DA:7,1
DA:9,1
DA:11,1
DA:12,1
DA:13,1
DA:15,1
DA:36,1
DA:40,1
DA:41,1
DA:43,1
DA:45,1
DA:46,1
DA:49,0
DA:51,0
DA:53,0
DA:56,1
DA:59,1
DA:60,0
DA:61,0
DA:64,0
DA:65,0
DA:66,0
DA:68,0
DA:71,1
DA:75,1
DA:86,1
DA:87,1
DA:100,1
DA:104,1
DA:105,1
DA:116,1
DA:117,1
DA:118,1
DA:132,1
DA:134,0
DA:139,1
DA:140,0
DA:141,0
DA:144,0
DA:145,0
DA:146,0
DA:149,0
DA:150,0
DA:151,0
DA:153,0
DA:154,0
DA:155,0
DA:158,0
DA:167,0
DA:171,1
DA:172,0
DA:173,0
DA:176,0
DA:177,0
DA:178,0
DA:179,0
DA:182,0
DA:184,0
DA:186,0
DA:188,0
DA:194,0
DA:195,0
DA:198,0
DA:202,0
DA:203,0
DA:221,0
DA:224,1
DA:225,1
DA:226,1
DA:231,1
DA:234,1
LF:76
LH:37
BRDA:13,0,0,0
BRDA:13,0,1,1
BRDA:45,1,0,1
BRDA:45,1,1,0
BRDA:45,2,0,1
BRDA:45,2,1,1
BRDA:49,3,0,0
BRDA:49,3,1,0
BRDA:49,4,0,0
BRDA:49,4,1,0
BRDA:49,4,2,0
BRDA:64,5,0,0
BRDA:64,5,1,0
BRDA:94,6,0,0
BRDA:94,6,1,1
BRDA:95,7,0,0
BRDA:95,7,1,1
BRDA:97,8,0,1
BRDA:97,8,1,1
BRDA:126,9,0,0
BRDA:126,9,1,1
BRDA:127,10,0,0
BRDA:127,10,1,1
BRDA:144,11,0,0
BRDA:144,11,1,0
BRDA:151,12,0,0
BRDA:151,12,1,0
BRDA:176,13,0,0
BRDA:176,13,1,0
BRDA:188,14,0,0
BRDA:188,14,1,0
BRDA:189,15,0,0
BRDA:189,15,1,0
BRDA:189,15,2,0
BRDA:189,15,3,0
BRDA:211,16,0,0
BRDA:211,16,1,0
BRDA:216,17,0,0
BRDA:216,17,1,0
BRF:39
BRH:10
end_of_record
TN:
SF:routes\users.ts
FN:6,(anonymous_8)
FN:6,(anonymous_9)
FNF:2
FNH:2
FNDA:1,(anonymous_8)
FNDA:1,(anonymous_9)
DA:1,1
DA:2,1
DA:4,1
DA:6,1
DA:7,1
DA:13,1
DA:16,1
LF:7
LH:7
BRF:0
BRH:0
end_of_record
TN:
SF:utils\csv.ts
FN:4,(anonymous_16)
FN:4,(anonymous_17)
FN:6,(anonymous_18)
FN:10,(anonymous_19)
FN:11,(anonymous_20)
FN:12,(anonymous_21)
FN:16,(anonymous_22)
FN:17,(anonymous_23)
FN:20,(anonymous_24)
FN:21,(anonymous_25)
FNF:10
FNH:3
FNDA:0,(anonymous_16)
FNDA:0,(anonymous_17)
FNDA:0,(anonymous_18)
FNDA:0,(anonymous_19)
FNDA:0,(anonymous_20)
FNDA:0,(anonymous_21)
FNDA:2,(anonymous_22)
FNDA:2,(anonymous_23)
FNDA:2,(anonymous_24)
FNDA:0,(anonymous_25)
DA:1,1
DA:2,1
DA:4,1
DA:5,0
DA:6,0
DA:7,0
DA:8,0
DA:10,0
DA:11,0
DA:12,0
DA:16,1
DA:17,2
DA:18,2
DA:20,2
DA:21,0
LF:15
LH:7
BRF:0
BRH:0
end_of_record
TN:
SF:validators\schemas.ts
FNF:0
FNH:0
DA:1,2
DA:3,2
DA:23,2
DA:28,2
DA:37,2
DA:49,2
DA:62,2
LF:7
LH:7
BRF:0
BRH:0
end_of_record
